#
# There is insufficient memory for the Java Runtime Environment to continue.
# Native memory allocation (mmap) failed to map 22020096 bytes. Error detail: G1 virtual space
# Possible reasons:
#   The system is out of physical RAM or swap space
#   This process is running with CompressedOops enabled, and the Java Heap may be blocking the growth of the native heap
# Possible solutions:
#   Reduce memory load on the system
#   Increase physical memory or swap space
#   Check if swap backing store is full
#   Decrease Java heap size (-Xmx/-Xms)
#   Decrease number of Java threads
#   Decrease Java thread stack sizes (-Xss)
#   Set larger code cache with -XX:ReservedCodeCacheSize=
#   JVM is running with Unscaled Compressed Oops mode in which the Java heap is
#     placed in the first 4GB address space. The Java Heap base address is the
#     maximum limit for the native heap growth. Please use -XX:HeapBaseMinAddress
#     to set the Java Heap base and to place the Java Heap above 4GB virtual address.
# This output file may be truncated or incomplete.
#
#  Out of Memory Error (os_windows.cpp:3828), pid=17896, tid=17688
#
# JRE version: OpenJDK Runtime Environment (21.0.4) (build 21.0.4+-12508038-b607.1)
# Java VM: OpenJDK 64-Bit Server VM (21.0.4+-12508038-b607.1, mixed mode, tiered, compressed oops, compressed class ptrs, g1 gc, windows-amd64)
# No core dump will be written. Minidumps are not enabled by default on client versions of Windows
#

---------------  S U M M A R Y ------------

Command Line: --add-opens=java.base/java.util=ALL-UNNAMED --add-opens=java.base/java.lang=ALL-UNNAMED --add-opens=java.base/java.lang.invoke=ALL-UNNAMED --add-opens=java.prefs/java.util.prefs=ALL-UNNAMED --add-exports=jdk.compiler/com.sun.tools.javac.api=ALL-UNNAMED --add-exports=jdk.compiler/com.sun.tools.javac.util=ALL-UNNAMED --add-opens=java.base/java.nio.charset=ALL-UNNAMED --add-opens=java.base/java.net=ALL-UNNAMED --add-opens=java.base/java.util.concurrent.atomic=ALL-UNNAMED -Xmx2048m -Dfile.encoding=UTF-8 -Duser.country=US -Duser.language=en -Duser.variant -javaagent:C:\Users\52785\.gradle\wrapper\dists\gradle-8.9-bin\90cnw93cvbtalezasaz0blq0a\gradle-8.9\lib\agents\gradle-instrumentation-agent-8.9.jar org.gradle.launcher.daemon.bootstrap.GradleDaemon 8.9

Host: Intel(R) Celeron(R) N4020 CPU @ 1.10GHz, 2 cores, 3G,  Windows 11 , 64 bit Build 22621 (10.0.22621.4974)
Time: Sat Apr  5 01:07:22 2025 Central Standard Time (Mexico) elapsed time: 41.049155 seconds (0d 0h 0m 41s)

---------------  T H R E A D  ---------------

Current thread (0x000002a5dac380f0):  VMThread "VM Thread"          [id=17688, stack(0x000000c4daf00000,0x000000c4db000000) (1024K)]

Stack: [0x000000c4daf00000,0x000000c4db000000]
Native frames: (J=compiled Java code, j=interpreted, Vv=VM code, C=native code)
V  [jvm.dll+0x6ce539]
V  [jvm.dll+0x85bf03]
V  [jvm.dll+0x85e45e]
V  [jvm.dll+0x85eb43]
V  [jvm.dll+0x27dd06]
V  [jvm.dll+0x6cada5]
V  [jvm.dll+0x6bf27a]
V  [jvm.dll+0x3541fb]
V  [jvm.dll+0x35be36]
V  [jvm.dll+0x3adbc6]
V  [jvm.dll+0x3ade98]
V  [jvm.dll+0x32691c]
V  [jvm.dll+0x3269a7]
V  [jvm.dll+0x36c78c]
V  [jvm.dll+0x36af3e]
V  [jvm.dll+0x326071]
V  [jvm.dll+0x36a650]
V  [jvm.dll+0x8648c8]
V  [jvm.dll+0x865c44]
V  [jvm.dll+0x866180]
V  [jvm.dll+0x866413]
V  [jvm.dll+0x804418]
V  [jvm.dll+0x6cce0d]
C  [ucrtbase.dll+0x29333]
C  [KERNEL32.DLL+0x1259d]
C  [ntdll.dll+0x5af38]

VM_Operation (0x000000c4dc1f39c0): G1CollectForAllocation, mode: safepoint, requested by thread 0x000002a5e09c5000


---------------  P R O C E S S  ---------------

Threads class SMR info:
_java_thread_list=0x000002a5e256aed0, length=37, elements={
0x000002a5c21e15f0, 0x000002a5df014080, 0x000002a5df016db0, 0x000002a5df01a830,
0x000002a5df024580, 0x000002a5df030720, 0x000002a5df031180, 0x000002a5df031f10,
0x000002a5df035290, 0x000002a5df19bf10, 0x000002a5df372760, 0x000002a5e09d1cb0,
0x000002a5e099c790, 0x000002a5e09cdcc0, 0x000002a5e09c3560, 0x000002a5e09c3bd0,
0x000002a5e09c4990, 0x000002a5e09c5000, 0x000002a5e0b97ca0, 0x000002a5e0b98330,
0x000002a5e0b989c0, 0x000002a5e0b95bd0, 0x000002a5e0b97610, 0x000002a5e0b96260,
0x000002a5e0b99050, 0x000002a5e0b96f80, 0x000002a5e30bd220, 0x000002a5e30be5d0,
0x000002a5e30ba430, 0x000002a5e30b89f0, 0x000002a5e30bec60, 0x000002a5e30baac0,
0x000002a5e30b9080, 0x000002a5e30bb7e0, 0x000002a5e30bc500, 0x000002a5e2dd46e0,
0x000002a5e2dd67b0
}

Java Threads: ( => current thread )
  0x000002a5c21e15f0 JavaThread "main"                              [_thread_blocked, id=2452, stack(0x000000c4da800000,0x000000c4da900000) (1024K)]
  0x000002a5df014080 JavaThread "Reference Handler"          daemon [_thread_blocked, id=9488, stack(0x000000c4db000000,0x000000c4db100000) (1024K)]
  0x000002a5df016db0 JavaThread "Finalizer"                  daemon [_thread_blocked, id=2240, stack(0x000000c4db100000,0x000000c4db200000) (1024K)]
  0x000002a5df01a830 JavaThread "Signal Dispatcher"          daemon [_thread_blocked, id=10652, stack(0x000000c4db200000,0x000000c4db300000) (1024K)]
  0x000002a5df024580 JavaThread "Attach Listener"            daemon [_thread_blocked, id=18268, stack(0x000000c4db300000,0x000000c4db400000) (1024K)]
  0x000002a5df030720 JavaThread "Service Thread"             daemon [_thread_blocked, id=10292, stack(0x000000c4db400000,0x000000c4db500000) (1024K)]
  0x000002a5df031180 JavaThread "Monitor Deflation Thread"   daemon [_thread_blocked, id=9920, stack(0x000000c4db500000,0x000000c4db600000) (1024K)]
  0x000002a5df031f10 JavaThread "C2 CompilerThread0"         daemon [_thread_blocked, id=16436, stack(0x000000c4db600000,0x000000c4db700000) (1024K)]
  0x000002a5df035290 JavaThread "C1 CompilerThread0"         daemon [_thread_blocked, id=6892, stack(0x000000c4db700000,0x000000c4db800000) (1024K)]
  0x000002a5df19bf10 JavaThread "Common-Cleaner"             daemon [_thread_blocked, id=6432, stack(0x000000c4db800000,0x000000c4db900000) (1024K)]
  0x000002a5df372760 JavaThread "Notification Thread"        daemon [_thread_blocked, id=20156, stack(0x000000c4db900000,0x000000c4dba00000) (1024K)]
  0x000002a5e09d1cb0 JavaThread "Daemon health stats"               [_thread_blocked, id=18792, stack(0x000000c4dbb00000,0x000000c4dbc00000) (1024K)]
  0x000002a5e099c790 JavaThread "Incoming local TCP Connector on port 50036"        [_thread_in_native, id=5028, stack(0x000000c4dbc00000,0x000000c4dbd00000) (1024K)]
  0x000002a5e09cdcc0 JavaThread "Daemon periodic checks"            [_thread_blocked, id=11116, stack(0x000000c4dbd00000,0x000000c4dbe00000) (1024K)]
  0x000002a5e09c3560 JavaThread "Daemon"                            [_thread_blocked, id=6016, stack(0x000000c4dbe00000,0x000000c4dbf00000) (1024K)]
  0x000002a5e09c3bd0 JavaThread "Handler for socket connection from /127.0.0.1:50036 to /127.0.0.1:50037"        [_thread_in_native, id=2736, stack(0x000000c4dbf00000,0x000000c4dc000000) (1024K)]
  0x000002a5e09c4990 JavaThread "Cancel handler"                    [_thread_blocked, id=17696, stack(0x000000c4dc000000,0x000000c4dc100000) (1024K)]
  0x000002a5e09c5000 JavaThread "Daemon worker"                     [_thread_blocked, id=19900, stack(0x000000c4dc100000,0x000000c4dc200000) (1024K)]
  0x000002a5e0b97ca0 JavaThread "Asynchronous log dispatcher for DefaultDaemonConnection: socket connection from /127.0.0.1:50036 to /127.0.0.1:50037"        [_thread_blocked, id=6948, stack(0x000000c4dc200000,0x000000c4dc300000) (1024K)]
  0x000002a5e0b98330 JavaThread "Stdin handler"                     [_thread_blocked, id=4368, stack(0x000000c4dc300000,0x000000c4dc400000) (1024K)]
  0x000002a5e0b989c0 JavaThread "Daemon client event forwarder"        [_thread_blocked, id=9160, stack(0x000000c4dc400000,0x000000c4dc500000) (1024K)]
  0x000002a5e0b95bd0 JavaThread "Cache worker for journal cache (C:\Users\52785\.gradle\caches\journal-1)"        [_thread_blocked, id=5840, stack(0x000000c4dc500000,0x000000c4dc600000) (1024K)]
  0x000002a5e0b97610 JavaThread "File lock request listener"        [_thread_in_native, id=13012, stack(0x000000c4dc600000,0x000000c4dc700000) (1024K)]
  0x000002a5e0b96260 JavaThread "Cache worker for file hash cache (C:\Users\52785\.gradle\caches\8.9\fileHashes)"        [_thread_blocked, id=4172, stack(0x000000c4dc700000,0x000000c4dc800000) (1024K)]
  0x000002a5e0b99050 JavaThread "Cache worker for file hash cache (C:\Users\52785\proyecto\GatoP1E2\.gradle\8.9\fileHashes)"        [_thread_blocked, id=17756, stack(0x000000c4dc800000,0x000000c4dc900000) (1024K)]
  0x000002a5e0b96f80 JavaThread "Cache worker for Build Output Cleanup Cache (C:\Users\52785\proyecto\GatoP1E2\.gradle\buildOutputCleanup)"        [_thread_blocked, id=12520, stack(0x000000c4dc900000,0x000000c4dca00000) (1024K)]
  0x000002a5e30bd220 JavaThread "File watcher server"        daemon [_thread_blocked, id=8888, stack(0x000000c4dca00000,0x000000c4dcb00000) (1024K)]
  0x000002a5e30be5d0 JavaThread "File watcher consumer"      daemon [_thread_blocked, id=11148, stack(0x000000c4dcb00000,0x000000c4dcc00000) (1024K)]
  0x000002a5e30ba430 JavaThread "Cache worker for checksums cache (C:\Users\52785\proyecto\GatoP1E2\.gradle\8.9\checksums)"        [_thread_blocked, id=18216, stack(0x000000c4dcc00000,0x000000c4dcd00000) (1024K)]
  0x000002a5e30b89f0 JavaThread "Cache worker for file content cache (C:\Users\52785\.gradle\caches\8.9\fileContent)"        [_thread_blocked, id=15344, stack(0x000000c4dcd00000,0x000000c4dce00000) (1024K)]
  0x000002a5e30bec60 JavaThread "Cache worker for cache directory md-rule (C:\Users\52785\.gradle\caches\8.9\md-rule)"        [_thread_blocked, id=15104, stack(0x000000c4dce00000,0x000000c4dcf00000) (1024K)]
  0x000002a5e30baac0 JavaThread "Cache worker for cache directory md-supplier (C:\Users\52785\.gradle\caches\8.9\md-supplier)"        [_thread_blocked, id=6604, stack(0x000000c4dcf00000,0x000000c4dd000000) (1024K)]
  0x000002a5e30b9080 JavaThread "Unconstrained build operations"        [_thread_blocked, id=17768, stack(0x000000c4dd000000,0x000000c4dd100000) (1024K)]
  0x000002a5e30bb7e0 JavaThread "Unconstrained build operations Thread 2"        [_thread_blocked, id=2672, stack(0x000000c4dd100000,0x000000c4dd200000) (1024K)]
  0x000002a5e30bc500 JavaThread "Unconstrained build operations Thread 3"        [_thread_blocked, id=10556, stack(0x000000c4dd200000,0x000000c4dd300000) (1024K)]
  0x000002a5e2dd46e0 JavaThread "build event listener"              [_thread_blocked, id=19168, stack(0x000000c4dd300000,0x000000c4dd400000) (1024K)]
  0x000002a5e2dd67b0 JavaThread "Memory manager"                    [_thread_blocked, id=9552, stack(0x000000c4dd400000,0x000000c4dd500000) (1024K)]
Total: 37

Other Threads:
=>0x000002a5dac380f0 VMThread "VM Thread"                           [id=17688, stack(0x000000c4daf00000,0x000000c4db000000) (1024K)]
  0x000002a5dac294e0 WatcherThread "VM Periodic Task Thread"        [id=15224, stack(0x000000c4dae00000,0x000000c4daf00000) (1024K)]
  0x000002a5c43a7030 WorkerThread "GC Thread#0"                     [id=4492, stack(0x000000c4da900000,0x000000c4daa00000) (1024K)]
  0x000002a5df3ecf40 WorkerThread "GC Thread#1"                     [id=8012, stack(0x000000c4dba00000,0x000000c4dbb00000) (1024K)]
  0x000002a5c43b8010 ConcurrentGCThread "G1 Main Marker"            [id=2056, stack(0x000000c4daa00000,0x000000c4dab00000) (1024K)]
  0x000002a5c43b8b10 WorkerThread "G1 Conc#0"                       [id=17656, stack(0x000000c4dab00000,0x000000c4dac00000) (1024K)]
  0x000002a5c440cef0 ConcurrentGCThread "G1 Refine#0"               [id=14148, stack(0x000000c4dac00000,0x000000c4dad00000) (1024K)]
  0x000002a5c440e980 ConcurrentGCThread "G1 Service"                [id=18220, stack(0x000000c4dad00000,0x000000c4dae00000) (1024K)]
Total: 8

Threads with active compile tasks:
C2 CompilerThread0    41142 8736       4       org.objectweb.asm.ByteVector::putInt (74 bytes)
Total: 1

VM state: at safepoint (normal execution)

VM Mutex/Monitor currently owned by a thread:  ([mutex/lock_event])
[0x00007ff9deef72f8] Threads_lock - owner thread: 0x000002a5dac380f0
[0x00007ff9deef73f8] Heap_lock - owner thread: 0x000002a5e09c5000

Heap address: 0x0000000080000000, size: 2048 MB, Compressed Oops mode: 32-bit

CDS archive(s) not mapped
Compressed class space mapped at: 0x0000000100000000-0x0000000140000000, reserved size: 1073741824
Narrow klass base: 0x0000000000000000, Narrow klass shift: 3, Narrow klass range: 0x140000000

GC Precious Log:
 CardTable entry size: 512
 Card Set container configuration: InlinePtr #cards 5 size 8 Array Of Cards #cards 12 size 40 Howl #buckets 4 coarsen threshold 1843 Howl Bitmap #cards 512 size 80 coarsen threshold 460 Card regions per heap region 1 cards per card region 2048
 CPUs: 2 total, 2 available
 Memory: 3918M
 Large Page Support: Disabled
 NUMA Support: Disabled
 Compressed Oops: Enabled (32-bit)
 Heap Region Size: 1M
 Heap Min Capacity: 8M
 Heap Initial Capacity: 62M
 Heap Max Capacity: 2G
 Pre-touch: Disabled
 Parallel Workers: 2
 Concurrent Workers: 1
 Concurrent Refinement Workers: 2
 Periodic GC: Disabled

Heap:
 garbage-first heap   total 104448K, used 73908K [0x0000000080000000, 0x0000000100000000)
  region size 1024K, 3 young (3072K), 3 survivors (3072K)
 Metaspace       used 79788K, committed 81600K, reserved 1179648K
  class space    used 10662K, committed 11584K, reserved 1048576K

Heap Regions: E=young(eden), S=young(survivor), O=old, HS=humongous(starts), HC=humongous(continues), CS=collection set, F=free, TAMS=top-at-mark-start, PB=parsable bottom
|   0|0x0000000080000000, 0x0000000080100000, 0x0000000080100000|100%| O|  |TAMS 0x0000000080000000| PB 0x0000000080000000| Untracked 
|   1|0x0000000080100000, 0x0000000080200000, 0x0000000080200000|100%|HS|  |TAMS 0x0000000080100000| PB 0x0000000080100000| Complete 
|   2|0x0000000080200000, 0x0000000080300000, 0x0000000080300000|100%|HC|  |TAMS 0x0000000080200000| PB 0x0000000080200000| Complete 
|   3|0x0000000080300000, 0x0000000080400000, 0x0000000080400000|100%|HC|  |TAMS 0x0000000080300000| PB 0x0000000080300000| Complete 
|   4|0x0000000080400000, 0x0000000080500000, 0x0000000080500000|100%|HC|  |TAMS 0x0000000080400000| PB 0x0000000080400000| Complete 
|   5|0x0000000080500000, 0x0000000080600000, 0x0000000080600000|100%| O|  |TAMS 0x0000000080500000| PB 0x0000000080500000| Untracked 
|   6|0x0000000080600000, 0x0000000080700000, 0x0000000080700000|100%| O|  |TAMS 0x0000000080600000| PB 0x0000000080600000| Untracked 
|   7|0x0000000080700000, 0x0000000080800000, 0x0000000080800000|100%| O|  |TAMS 0x0000000080700000| PB 0x0000000080700000| Untracked 
|   8|0x0000000080800000, 0x0000000080900000, 0x0000000080900000|100%| O|  |TAMS 0x0000000080800000| PB 0x0000000080800000| Untracked 
|   9|0x0000000080900000, 0x0000000080a00000, 0x0000000080a00000|100%| O|  |TAMS 0x0000000080900000| PB 0x0000000080900000| Untracked 
|  10|0x0000000080a00000, 0x0000000080b00000, 0x0000000080b00000|100%|HS|  |TAMS 0x0000000080a00000| PB 0x0000000080a00000| Complete 
|  11|0x0000000080b00000, 0x0000000080c00000, 0x0000000080c00000|100%| O|  |TAMS 0x0000000080b00000| PB 0x0000000080b00000| Untracked 
|  12|0x0000000080c00000, 0x0000000080d00000, 0x0000000080d00000|100%| O|  |TAMS 0x0000000080c00000| PB 0x0000000080c00000| Untracked 
|  13|0x0000000080d00000, 0x0000000080e00000, 0x0000000080e00000|100%| O|  |TAMS 0x0000000080d00000| PB 0x0000000080d00000| Untracked 
|  14|0x0000000080e00000, 0x0000000080f00000, 0x0000000080f00000|100%| O|  |TAMS 0x0000000080e00000| PB 0x0000000080e00000| Untracked 
|  15|0x0000000080f00000, 0x0000000081000000, 0x0000000081000000|100%| O|  |TAMS 0x0000000080f00000| PB 0x0000000080f00000| Untracked 
|  16|0x0000000081000000, 0x0000000081100000, 0x0000000081100000|100%| O|  |TAMS 0x0000000081000000| PB 0x0000000081000000| Untracked 
|  17|0x0000000081100000, 0x0000000081200000, 0x0000000081200000|100%| O|  |TAMS 0x0000000081100000| PB 0x0000000081100000| Untracked 
|  18|0x0000000081200000, 0x0000000081300000, 0x0000000081300000|100%| O|  |TAMS 0x0000000081200000| PB 0x0000000081200000| Untracked 
|  19|0x0000000081300000, 0x0000000081400000, 0x0000000081400000|100%| O|  |TAMS 0x0000000081300000| PB 0x0000000081300000| Untracked 
|  20|0x0000000081400000, 0x0000000081500000, 0x0000000081500000|100%| O|  |TAMS 0x0000000081400000| PB 0x0000000081400000| Untracked 
|  21|0x0000000081500000, 0x0000000081600000, 0x0000000081600000|100%| O|  |TAMS 0x0000000081500000| PB 0x0000000081500000| Untracked 
|  22|0x0000000081600000, 0x0000000081700000, 0x0000000081700000|100%| O|  |TAMS 0x0000000081600000| PB 0x0000000081600000| Untracked 
|  23|0x0000000081700000, 0x0000000081800000, 0x0000000081800000|100%| O|  |TAMS 0x0000000081700000| PB 0x0000000081700000| Untracked 
|  24|0x0000000081800000, 0x0000000081900000, 0x0000000081900000|100%| O|  |TAMS 0x0000000081800000| PB 0x0000000081800000| Untracked 
|  25|0x0000000081900000, 0x0000000081a00000, 0x0000000081a00000|100%| O|  |TAMS 0x0000000081900000| PB 0x0000000081900000| Untracked 
|  26|0x0000000081a00000, 0x0000000081b00000, 0x0000000081b00000|100%| O|  |TAMS 0x0000000081a00000| PB 0x0000000081a00000| Untracked 
|  27|0x0000000081b00000, 0x0000000081c00000, 0x0000000081c00000|100%| O|  |TAMS 0x0000000081b00000| PB 0x0000000081b00000| Untracked 
|  28|0x0000000081c00000, 0x0000000081d00000, 0x0000000081d00000|100%| O|  |TAMS 0x0000000081c00000| PB 0x0000000081c00000| Untracked 
|  29|0x0000000081d00000, 0x0000000081e00000, 0x0000000081e00000|100%| O|  |TAMS 0x0000000081d00000| PB 0x0000000081d00000| Untracked 
|  30|0x0000000081e00000, 0x0000000081f00000, 0x0000000081f00000|100%| O|  |TAMS 0x0000000081e00000| PB 0x0000000081e00000| Untracked 
|  31|0x0000000081f00000, 0x0000000082000000, 0x0000000082000000|100%| O|  |TAMS 0x0000000081f00000| PB 0x0000000081f00000| Untracked 
|  32|0x0000000082000000, 0x0000000082000000, 0x0000000082100000|  0%| F|  |TAMS 0x0000000082000000| PB 0x0000000082000000| Untracked 
|  33|0x0000000082100000, 0x0000000082200000, 0x0000000082200000|100%| O|  |TAMS 0x0000000082100000| PB 0x0000000082100000| Untracked 
|  34|0x0000000082200000, 0x0000000082300000, 0x0000000082300000|100%| O|  |TAMS 0x0000000082200000| PB 0x0000000082200000| Untracked 
|  35|0x0000000082300000, 0x0000000082400000, 0x0000000082400000|100%| O|  |TAMS 0x0000000082300000| PB 0x0000000082300000| Untracked 
|  36|0x0000000082400000, 0x0000000082500000, 0x0000000082500000|100%| O|  |TAMS 0x0000000082400000| PB 0x0000000082400000| Untracked 
|  37|0x0000000082500000, 0x0000000082600000, 0x0000000082600000|100%| O|  |TAMS 0x0000000082500000| PB 0x0000000082500000| Untracked 
|  38|0x0000000082600000, 0x0000000082700000, 0x0000000082700000|100%| O|  |TAMS 0x0000000082600000| PB 0x0000000082600000| Untracked 
|  39|0x0000000082700000, 0x0000000082800000, 0x0000000082800000|100%| O|  |TAMS 0x0000000082700000| PB 0x0000000082700000| Untracked 
|  40|0x0000000082800000, 0x0000000082900000, 0x0000000082900000|100%| O|  |TAMS 0x0000000082800000| PB 0x0000000082800000| Untracked 
|  41|0x0000000082900000, 0x0000000082900000, 0x0000000082a00000|  0%| F|  |TAMS 0x0000000082900000| PB 0x0000000082900000| Untracked 
|  42|0x0000000082a00000, 0x0000000082b00000, 0x0000000082b00000|100%| O|  |TAMS 0x0000000082a00000| PB 0x0000000082a00000| Untracked 
|  43|0x0000000082b00000, 0x0000000082c00000, 0x0000000082c00000|100%|HS|  |TAMS 0x0000000082b00000| PB 0x0000000082b00000| Complete 
|  44|0x0000000082c00000, 0x0000000082d00000, 0x0000000082d00000|100%| O|  |TAMS 0x0000000082c00000| PB 0x0000000082c00000| Untracked 
|  45|0x0000000082d00000, 0x0000000082e00000, 0x0000000082e00000|100%|HS|  |TAMS 0x0000000082d00000| PB 0x0000000082d00000| Complete 
|  46|0x0000000082e00000, 0x0000000082f00000, 0x0000000082f00000|100%|HS|  |TAMS 0x0000000082e00000| PB 0x0000000082e00000| Complete 
|  47|0x0000000082f00000, 0x0000000083000000, 0x0000000083000000|100%|HS|  |TAMS 0x0000000082f00000| PB 0x0000000082f00000| Complete 
|  48|0x0000000083000000, 0x0000000083100000, 0x0000000083100000|100%|HS|  |TAMS 0x0000000083000000| PB 0x0000000083000000| Complete 
|  49|0x0000000083100000, 0x0000000083200000, 0x0000000083200000|100%| O|  |TAMS 0x0000000083100000| PB 0x0000000083100000| Untracked 
|  50|0x0000000083200000, 0x0000000083300000, 0x0000000083300000|100%|HS|  |TAMS 0x0000000083200000| PB 0x0000000083200000| Complete 
|  51|0x0000000083300000, 0x0000000083400000, 0x0000000083400000|100%|HS|  |TAMS 0x0000000083300000| PB 0x0000000083300000| Complete 
|  52|0x0000000083400000, 0x0000000083500000, 0x0000000083500000|100%| O|  |TAMS 0x0000000083400000| PB 0x0000000083400000| Untracked 
|  53|0x0000000083500000, 0x0000000083600000, 0x0000000083600000|100%|HS|  |TAMS 0x0000000083500000| PB 0x0000000083500000| Complete 
|  54|0x0000000083600000, 0x0000000083700000, 0x0000000083700000|100%|HS|  |TAMS 0x0000000083600000| PB 0x0000000083600000| Complete 
|  55|0x0000000083700000, 0x0000000083800000, 0x0000000083800000|100%| O|  |TAMS 0x0000000083700000| PB 0x0000000083700000| Untracked 
|  56|0x0000000083800000, 0x0000000083900000, 0x0000000083900000|100%| O|  |TAMS 0x0000000083800000| PB 0x0000000083800000| Untracked 
|  57|0x0000000083900000, 0x0000000083a00000, 0x0000000083a00000|100%|HS|  |TAMS 0x0000000083900000| PB 0x0000000083900000| Complete 
|  58|0x0000000083a00000, 0x0000000083b00000, 0x0000000083b00000|100%| O|  |TAMS 0x0000000083a00000| PB 0x0000000083a00000| Untracked 
|  59|0x0000000083b00000, 0x0000000083c00000, 0x0000000083c00000|100%| O|  |TAMS 0x0000000083b00000| PB 0x0000000083b00000| Untracked 
|  60|0x0000000083c00000, 0x0000000083d00000, 0x0000000083d00000|100%| O|  |TAMS 0x0000000083c00000| PB 0x0000000083c00000| Untracked 
|  61|0x0000000083d00000, 0x0000000083e00000, 0x0000000083e00000|100%| O|  |TAMS 0x0000000083d00000| PB 0x0000000083d00000| Untracked 
|  62|0x0000000083e00000, 0x0000000083f00000, 0x0000000083f00000|100%| O|  |TAMS 0x0000000083e00000| PB 0x0000000083e00000| Untracked 
|  63|0x0000000083f00000, 0x0000000083f00000, 0x0000000084000000|  0%| F|  |TAMS 0x0000000083f00000| PB 0x0000000083f00000| Untracked 
|  64|0x0000000084000000, 0x0000000084000000, 0x0000000084100000|  0%| F|  |TAMS 0x0000000084000000| PB 0x0000000084000000| Untracked 
|  65|0x0000000084100000, 0x0000000084200000, 0x0000000084200000|100%| O|  |TAMS 0x0000000084100000| PB 0x0000000084100000| Untracked 
|  66|0x0000000084200000, 0x0000000084300000, 0x0000000084300000|100%| O|  |TAMS 0x0000000084200000| PB 0x0000000084200000| Untracked 
|  67|0x0000000084300000, 0x0000000084300000, 0x0000000084400000|  0%| F|  |TAMS 0x0000000084300000| PB 0x0000000084300000| Untracked 
|  68|0x0000000084400000, 0x0000000084400000, 0x0000000084500000|  0%| F|  |TAMS 0x0000000084400000| PB 0x0000000084400000| Untracked 
|  69|0x0000000084500000, 0x0000000084600000, 0x0000000084600000|100%| O|  |TAMS 0x0000000084500000| PB 0x0000000084500000| Untracked 
|  70|0x0000000084600000, 0x0000000084700000, 0x0000000084700000|100%| O|  |TAMS 0x0000000084600000| PB 0x0000000084600000| Untracked 
|  71|0x0000000084700000, 0x000000008477c5d0, 0x0000000084800000| 48%| O|  |TAMS 0x0000000084700000| PB 0x0000000084700000| Untracked 
|  72|0x0000000084800000, 0x0000000084800000, 0x0000000084900000|  0%| F|  |TAMS 0x0000000084800000| PB 0x0000000084800000| Untracked 
|  73|0x0000000084900000, 0x0000000084900000, 0x0000000084a00000|  0%| F|  |TAMS 0x0000000084900000| PB 0x0000000084900000| Untracked 
|  74|0x0000000084a00000, 0x0000000084ab0e00, 0x0000000084b00000| 69%| S|CS|TAMS 0x0000000084a00000| PB 0x0000000084a00000| Complete 
|  75|0x0000000084b00000, 0x0000000084c00000, 0x0000000084c00000|100%| S|CS|TAMS 0x0000000084b00000| PB 0x0000000084b00000| Complete 
|  76|0x0000000084c00000, 0x0000000084d00000, 0x0000000084d00000|100%| S|CS|TAMS 0x0000000084c00000| PB 0x0000000084c00000| Complete 
|  77|0x0000000084d00000, 0x0000000084d00000, 0x0000000084e00000|  0%| F|  |TAMS 0x0000000084d00000| PB 0x0000000084d00000| Untracked 
|  78|0x0000000084e00000, 0x0000000084e00000, 0x0000000084f00000|  0%| F|  |TAMS 0x0000000084e00000| PB 0x0000000084e00000| Untracked 
|  79|0x0000000084f00000, 0x0000000084f00000, 0x0000000085000000|  0%| F|  |TAMS 0x0000000084f00000| PB 0x0000000084f00000| Untracked 
|  80|0x0000000085000000, 0x0000000085000000, 0x0000000085100000|  0%| F|  |TAMS 0x0000000085000000| PB 0x0000000085000000| Untracked 
|  81|0x0000000085100000, 0x0000000085100000, 0x0000000085200000|  0%| F|  |TAMS 0x0000000085100000| PB 0x0000000085100000| Untracked 
|  82|0x0000000085200000, 0x0000000085200000, 0x0000000085300000|  0%| F|  |TAMS 0x0000000085200000| PB 0x0000000085200000| Untracked 
|  83|0x0000000085300000, 0x0000000085300000, 0x0000000085400000|  0%| F|  |TAMS 0x0000000085300000| PB 0x0000000085300000| Untracked 
|  84|0x0000000085400000, 0x0000000085400000, 0x0000000085500000|  0%| F|  |TAMS 0x0000000085400000| PB 0x0000000085400000| Untracked 
|  85|0x0000000085500000, 0x0000000085500000, 0x0000000085600000|  0%| F|  |TAMS 0x0000000085500000| PB 0x0000000085500000| Untracked 
|  86|0x0000000085600000, 0x0000000085600000, 0x0000000085700000|  0%| F|  |TAMS 0x0000000085600000| PB 0x0000000085600000| Untracked 
|  87|0x0000000085700000, 0x0000000085700000, 0x0000000085800000|  0%| F|  |TAMS 0x0000000085700000| PB 0x0000000085700000| Untracked 
|  88|0x0000000085800000, 0x0000000085800000, 0x0000000085900000|  0%| F|  |TAMS 0x0000000085800000| PB 0x0000000085800000| Untracked 
|  89|0x0000000085900000, 0x0000000085900000, 0x0000000085a00000|  0%| F|  |TAMS 0x0000000085900000| PB 0x0000000085900000| Untracked 
|  90|0x0000000085a00000, 0x0000000085a00000, 0x0000000085b00000|  0%| F|  |TAMS 0x0000000085a00000| PB 0x0000000085a00000| Untracked 
|  91|0x0000000085b00000, 0x0000000085b00000, 0x0000000085c00000|  0%| F|  |TAMS 0x0000000085b00000| PB 0x0000000085b00000| Untracked 
|  92|0x0000000085c00000, 0x0000000085c00000, 0x0000000085d00000|  0%| F|  |TAMS 0x0000000085c00000| PB 0x0000000085c00000| Untracked 
|  93|0x0000000085d00000, 0x0000000085d00000, 0x0000000085e00000|  0%| F|  |TAMS 0x0000000085d00000| PB 0x0000000085d00000| Untracked 
|  94|0x0000000085e00000, 0x0000000085e00000, 0x0000000085f00000|  0%| F|  |TAMS 0x0000000085e00000| PB 0x0000000085e00000| Untracked 
|  95|0x0000000085f00000, 0x0000000085f00000, 0x0000000086000000|  0%| F|  |TAMS 0x0000000085f00000| PB 0x0000000085f00000| Untracked 
|  96|0x0000000086000000, 0x0000000086000000, 0x0000000086100000|  0%| F|  |TAMS 0x0000000086000000| PB 0x0000000086000000| Untracked 
|2043|0x00000000ffb00000, 0x00000000ffb00000, 0x00000000ffc00000|  0%| F|  |TAMS 0x00000000ffb00000| PB 0x00000000ffb00000| Untracked 
|2044|0x00000000ffc00000, 0x00000000ffd00000, 0x00000000ffd00000|100%| O|  |TAMS 0x00000000ffc00000| PB 0x00000000ffc00000| Untracked 
|2045|0x00000000ffd00000, 0x00000000ffe00000, 0x00000000ffe00000|100%| O|  |TAMS 0x00000000ffd00000| PB 0x00000000ffd00000| Untracked 
|2046|0x00000000ffe00000, 0x00000000fff00000, 0x00000000fff00000|100%| O|  |TAMS 0x00000000ffe00000| PB 0x00000000ffe00000| Untracked 
|2047|0x00000000fff00000, 0x0000000100000000, 0x0000000100000000|100%| O|  |TAMS 0x00000000fff00000| PB 0x00000000fff00000| Untracked 

Card table byte_map: [0x000002a5d6490000,0x000002a5d6890000] _byte_map_base: 0x000002a5d6090000

Marking Bits: (CMBitMap*) 0x000002a5c43a7730
 Bits: [0x000002a5d6890000, 0x000002a5d8890000)

Polling page: 0x000002a5c2330000

Metaspace:

Usage:
  Non-class:     67.51 MB used.
      Class:     10.41 MB used.
       Both:     77.92 MB used.

Virtual space:
  Non-class space:      128.00 MB reserved,      68.38 MB ( 53%) committed,  2 nodes.
      Class space:        1.00 GB reserved,      11.31 MB (  1%) committed,  1 nodes.
             Both:        1.12 GB reserved,      79.69 MB (  7%) committed. 

Chunk freelists:
   Non-Class:  11.42 MB
       Class:  4.51 MB
        Both:  15.93 MB

MaxMetaspaceSize: unlimited
CompressedClassSpaceSize: 1.00 GB
Initial GC threshold: 21.00 MB
Current GC threshold: 125.62 MB
CDS: off
 - commit_granule_bytes: 65536.
 - commit_granule_words: 8192.
 - virtual_space_node_default_size: 8388608.
 - enlarge_chunks_in_place: 1.
 - use_allocation_guard: 0.


Internal statistics:

num_allocs_failed_limit: 9.
num_arena_births: 3472.
num_arena_deaths: 0.
num_vsnodes_births: 3.
num_vsnodes_deaths: 0.
num_space_committed: 1275.
num_space_uncommitted: 0.
num_chunks_returned_to_freelist: 9.
num_chunks_taken_from_freelist: 6700.
num_chunk_merges: 9.
num_chunk_splits: 4398.
num_chunks_enlarged: 2746.
num_inconsistent_stats: 0.

CodeHeap 'non-profiled nmethods': size=120064Kb used=4266Kb max_used=4266Kb free=115797Kb
 bounds [0x000002a5cef50000, 0x000002a5cf380000, 0x000002a5d6490000]
CodeHeap 'profiled nmethods': size=120000Kb used=13527Kb max_used=13527Kb free=106472Kb
 bounds [0x000002a5c7490000, 0x000002a5c81d0000, 0x000002a5ce9c0000]
CodeHeap 'non-nmethods': size=5696Kb used=2016Kb max_used=2058Kb free=3679Kb
 bounds [0x000002a5ce9c0000, 0x000002a5cec30000, 0x000002a5cef50000]
 total_blobs=8184 nmethods=7402 adapters=686
 compilation: enabled
              stopped_count=0, restarted_count=0
 full_count=0

Compilation events (20 events):
Event: 41.002 Thread 0x000002a5df035290 8730       3       org.gradle.tooling.internal.provider.runner.ProjectConfigurationTracker$$Lambda/0x0000000100925000::apply (14 bytes)
Event: 41.002 Thread 0x000002a5df035290 nmethod 8730 0x000002a5c81c5710 code [0x000002a5c81c58c0, 0x000002a5c81c5b70]
Event: 41.002 Thread 0x000002a5df035290 8731       3       org.gradle.tooling.internal.provider.runner.PluginApplicationTracker$$Lambda/0x0000000100925708::test (16 bytes)
Event: 41.003 Thread 0x000002a5df035290 nmethod 8731 0x000002a5c81c5c90 code [0x000002a5c81c5e60, 0x000002a5c81c63b0]
Event: 41.009 Thread 0x000002a5df031f10 nmethod 8652 0x000002a5cf378190 code [0x000002a5cf378380, 0x000002a5cf378958]
Event: 41.009 Thread 0x000002a5df031f10 8727       4       java.lang.ThreadLocal$ThreadLocalMap::nextIndex (15 bytes)
Event: 41.009 Thread 0x000002a5df031f10 nmethod 8727 0x000002a5cf378d10 code [0x000002a5cf378e80, 0x000002a5cf378ef8]
Event: 41.009 Thread 0x000002a5df031f10 8662       4       java.lang.reflect.Method::getAnnotation (6 bytes)
Event: 41.016 Thread 0x000002a5df031f10 nmethod 8662 0x000002a5cf379010 code [0x000002a5cf3791e0, 0x000002a5cf3795a8]
Event: 41.016 Thread 0x000002a5df031f10 8732       4       java.lang.Class::forName (41 bytes)
Event: 41.017 Thread 0x000002a5df031f10 nmethod 8732 0x000002a5cf379910 code [0x000002a5cf379aa0, 0x000002a5cf379b30]
Event: 41.017 Thread 0x000002a5df031f10 8713       4       org.objectweb.asm.SymbolTable::get (13 bytes)
Event: 41.017 Thread 0x000002a5df031f10 nmethod 8713 0x000002a5cf379c10 code [0x000002a5cf379da0, 0x000002a5cf379ea0]
Event: 41.019 Thread 0x000002a5df035290 8733       3       java.util.regex.Pattern::has (15 bytes)
Event: 41.019 Thread 0x000002a5df035290 nmethod 8733 0x000002a5c81c6590 code [0x000002a5c81c6720, 0x000002a5c81c6888]
Event: 41.021 Thread 0x000002a5df031f10 8734       4       org.objectweb.asm.Type::getTypeInternal (203 bytes)
Event: 41.021 Thread 0x000002a5df035290 8735       1       org.gradle.internal.instantiation.generator.AsmBackedClassGenerator$ClassBuilderImpl::access$7400 (5 bytes)
Event: 41.021 Thread 0x000002a5df035290 nmethod 8735 0x000002a5cf379f90 code [0x000002a5cf37a120, 0x000002a5cf37a1d0]
Event: 41.024 Thread 0x000002a5df031f10 nmethod 8734 0x000002a5cf37a290 code [0x000002a5cf37a440, 0x000002a5cf37a710]
Event: 41.024 Thread 0x000002a5df031f10 8736       4       org.objectweb.asm.ByteVector::putInt (74 bytes)

GC Heap History (20 events):
Event: 31.524 GC heap after
{Heap after GC invocations=24 (full 0):
 garbage-first heap   total 76800K, used 46721K [0x0000000080000000, 0x0000000100000000)
  region size 1024K, 3 young (3072K), 3 survivors (3072K)
 Metaspace       used 65858K, committed 67456K, reserved 1114112K
  class space    used 8947K, committed 9792K, reserved 1048576K
}
Event: 32.723 GC heap before
{Heap before GC invocations=24 (full 0):
 garbage-first heap   total 76800K, used 67201K [0x0000000080000000, 0x0000000100000000)
  region size 1024K, 24 young (24576K), 3 survivors (3072K)
 Metaspace       used 65992K, committed 67648K, reserved 1114112K
  class space    used 8947K, committed 9792K, reserved 1048576K
}
Event: 32.733 GC heap after
{Heap after GC invocations=25 (full 0):
 garbage-first heap   total 76800K, used 46934K [0x0000000080000000, 0x0000000100000000)
  region size 1024K, 3 young (3072K), 3 survivors (3072K)
 Metaspace       used 65992K, committed 67648K, reserved 1114112K
  class space    used 8947K, committed 9792K, reserved 1048576K
}
Event: 33.641 GC heap before
{Heap before GC invocations=25 (full 0):
 garbage-first heap   total 76800K, used 67414K [0x0000000080000000, 0x0000000100000000)
  region size 1024K, 24 young (24576K), 3 survivors (3072K)
 Metaspace       used 66021K, committed 67648K, reserved 1114112K
  class space    used 8948K, committed 9792K, reserved 1048576K
}
Event: 33.661 GC heap after
{Heap after GC invocations=26 (full 0):
 garbage-first heap   total 76800K, used 47914K [0x0000000080000000, 0x0000000100000000)
  region size 1024K, 3 young (3072K), 3 survivors (3072K)
 Metaspace       used 66021K, committed 67648K, reserved 1114112K
  class space    used 8948K, committed 9792K, reserved 1048576K
}
Event: 34.565 GC heap before
{Heap before GC invocations=27 (full 0):
 garbage-first heap   total 80896K, used 68394K [0x0000000080000000, 0x0000000100000000)
  region size 1024K, 23 young (23552K), 3 survivors (3072K)
 Metaspace       used 66024K, committed 67648K, reserved 1114112K
  class space    used 8948K, committed 9792K, reserved 1048576K
}
Event: 34.576 GC heap after
{Heap after GC invocations=28 (full 0):
 garbage-first heap   total 97280K, used 48521K [0x0000000080000000, 0x0000000100000000)
  region size 1024K, 3 young (3072K), 3 survivors (3072K)
 Metaspace       used 66024K, committed 67648K, reserved 1114112K
  class space    used 8948K, committed 9792K, reserved 1048576K
}
Event: 36.409 GC heap before
{Heap before GC invocations=28 (full 0):
 garbage-first heap   total 97280K, used 91529K [0x0000000080000000, 0x0000000100000000)
  region size 1024K, 40 young (40960K), 3 survivors (3072K)
 Metaspace       used 67583K, committed 69248K, reserved 1114112K
  class space    used 9174K, committed 10048K, reserved 1048576K
}
Event: 36.430 GC heap after
{Heap after GC invocations=29 (full 0):
 garbage-first heap   total 103424K, used 59134K [0x0000000080000000, 0x0000000100000000)
  region size 1024K, 5 young (5120K), 5 survivors (5120K)
 Metaspace       used 67583K, committed 69248K, reserved 1114112K
  class space    used 9174K, committed 10048K, reserved 1048576K
}
Event: 36.492 GC heap before
{Heap before GC invocations=29 (full 0):
 garbage-first heap   total 103424K, used 60158K [0x0000000080000000, 0x0000000100000000)
  region size 1024K, 8 young (8192K), 5 survivors (5120K)
 Metaspace       used 67725K, committed 69376K, reserved 1114112K
  class space    used 9185K, committed 10048K, reserved 1048576K
}
Event: 36.496 GC heap after
{Heap after GC invocations=30 (full 0):
 garbage-first heap   total 103424K, used 59763K [0x0000000080000000, 0x0000000100000000)
  region size 1024K, 1 young (1024K), 1 survivors (1024K)
 Metaspace       used 67725K, committed 69376K, reserved 1114112K
  class space    used 9185K, committed 10048K, reserved 1048576K
}
Event: 37.431 GC heap before
{Heap before GC invocations=31 (full 0):
 garbage-first heap   total 103424K, used 83315K [0x0000000080000000, 0x0000000100000000)
  region size 1024K, 24 young (24576K), 1 survivors (1024K)
 Metaspace       used 69760K, committed 71424K, reserved 1114112K
  class space    used 9456K, committed 10304K, reserved 1048576K
}
Event: 37.436 GC heap after
{Heap after GC invocations=32 (full 0):
 garbage-first heap   total 103424K, used 61253K [0x0000000080000000, 0x0000000100000000)
  region size 1024K, 2 young (2048K), 2 survivors (2048K)
 Metaspace       used 69760K, committed 71424K, reserved 1114112K
  class space    used 9456K, committed 10304K, reserved 1048576K
}
Event: 38.192 GC heap before
{Heap before GC invocations=32 (full 0):
 garbage-first heap   total 103424K, used 84805K [0x0000000080000000, 0x0000000100000000)
  region size 1024K, 26 young (26624K), 2 survivors (2048K)
 Metaspace       used 72579K, committed 74240K, reserved 1114112K
  class space    used 9738K, committed 10560K, reserved 1048576K
}
Event: 38.203 GC heap after
{Heap after GC invocations=33 (full 0):
 garbage-first heap   total 103424K, used 61264K [0x0000000080000000, 0x0000000100000000)
  region size 1024K, 3 young (3072K), 3 survivors (3072K)
 Metaspace       used 72579K, committed 74240K, reserved 1114112K
  class space    used 9738K, committed 10560K, reserved 1048576K
}
Event: 39.104 GC heap before
{Heap before GC invocations=33 (full 0):
 garbage-first heap   total 103424K, used 87888K [0x0000000080000000, 0x0000000100000000)
  region size 1024K, 29 young (29696K), 3 survivors (3072K)
 Metaspace       used 75492K, committed 77184K, reserved 1179648K
  class space    used 10054K, committed 10880K, reserved 1048576K
}
Event: 39.111 GC heap after
{Heap after GC invocations=34 (full 0):
 garbage-first heap   total 103424K, used 61817K [0x0000000080000000, 0x0000000100000000)
  region size 1024K, 3 young (3072K), 3 survivors (3072K)
 Metaspace       used 75492K, committed 77184K, reserved 1179648K
  class space    used 10054K, committed 10880K, reserved 1048576K
}
Event: 40.119 GC heap before
{Heap before GC invocations=35 (full 0):
 garbage-first heap   total 104448K, used 93561K [0x0000000080000000, 0x0000000100000000)
  region size 1024K, 31 young (31744K), 3 survivors (3072K)
 Metaspace       used 78314K, committed 80128K, reserved 1179648K
  class space    used 10467K, committed 11392K, reserved 1048576K
}
Event: 40.136 GC heap after
{Heap after GC invocations=36 (full 0):
 garbage-first heap   total 104448K, used 70311K [0x0000000080000000, 0x0000000100000000)
  region size 1024K, 4 young (4096K), 4 survivors (4096K)
 Metaspace       used 78314K, committed 80128K, reserved 1179648K
  class space    used 10467K, committed 11392K, reserved 1048576K
}
Event: 41.026 GC heap before
{Heap before GC invocations=36 (full 0):
 garbage-first heap   total 104448K, used 91815K [0x0000000080000000, 0x0000000100000000)
  region size 1024K, 25 young (25600K), 4 survivors (4096K)
 Metaspace       used 79788K, committed 81600K, reserved 1179648K
  class space    used 10662K, committed 11584K, reserved 1048576K
}

Dll operation events (3 events):
Event: 0.426 Loaded shared library C:\Program Files\Android\Android Studio\jbr\bin\java.dll
Event: 0.608 Loaded shared library C:\Program Files\Android\Android Studio\jbr\bin\zip.dll
Event: 4.517 Loaded shared library C:\Program Files\Android\Android Studio\jbr\bin\verify.dll

Deoptimization events (20 events):
Event: 40.478 Thread 0x000002a5e09c5000 DEOPT PACKING pc=0x000002a5c7b27a8a sp=0x000000c4dc1f55f0
Event: 40.478 Thread 0x000002a5e09c5000 DEOPT UNPACKING pc=0x000002a5cea14e23 sp=0x000000c4dc1f4b00 mode 0
Event: 40.529 Thread 0x000002a5e09c5000 DEOPT PACKING pc=0x000002a5c7b27a69 sp=0x000000c4dc1f5640
Event: 40.529 Thread 0x000002a5e09c5000 DEOPT UNPACKING pc=0x000002a5cea14e23 sp=0x000000c4dc1f4b50 mode 0
Event: 40.598 Thread 0x000002a5e09c5000 Uncommon trap: trap_request=0xffffff45 fr.pc=0x000002a5cf22c468 relative=0x00000000000024c8
Event: 40.598 Thread 0x000002a5e09c5000 Uncommon trap: reason=unstable_if action=reinterpret pc=0x000002a5cf22c468 method=java.util.regex.Pattern.has(I)Z @ 6 c2
Event: 40.598 Thread 0x000002a5e09c5000 DEOPT PACKING pc=0x000002a5cf22c468 sp=0x000000c4dc1f56f0
Event: 40.598 Thread 0x000002a5e09c5000 DEOPT UNPACKING pc=0x000002a5cea1469c sp=0x000000c4dc1f5670 mode 2
Event: 40.598 Thread 0x000002a5e09c5000 Uncommon trap: trap_request=0xffffff45 fr.pc=0x000002a5cefdfa68 relative=0x0000000000000068
Event: 40.598 Thread 0x000002a5e09c5000 Uncommon trap: reason=unstable_if action=reinterpret pc=0x000002a5cefdfa68 method=java.util.regex.Pattern.has(I)Z @ 6 c2
Event: 40.598 Thread 0x000002a5e09c5000 DEOPT PACKING pc=0x000002a5cefdfa68 sp=0x000000c4dc1f56e0
Event: 40.598 Thread 0x000002a5e09c5000 DEOPT UNPACKING pc=0x000002a5cea1469c sp=0x000000c4dc1f5670 mode 2
Event: 40.762 Thread 0x000002a5e09c5000 Uncommon trap: trap_request=0xffffffc6 fr.pc=0x000002a5cf0fcda8 relative=0x0000000000000068
Event: 40.762 Thread 0x000002a5e09c5000 Uncommon trap: reason=bimorphic_or_optimized_type_check action=maybe_recompile pc=0x000002a5cf0fcda8 method=java.util.AbstractQueue.add(Ljava/lang/Object;)Z @ 2 c2
Event: 40.762 Thread 0x000002a5e09c5000 DEOPT PACKING pc=0x000002a5cf0fcda8 sp=0x000000c4dc1f68c0
Event: 40.762 Thread 0x000002a5e09c5000 DEOPT UNPACKING pc=0x000002a5cea1469c sp=0x000000c4dc1f6888 mode 2
Event: 40.762 Thread 0x000002a5e09c5000 Uncommon trap: trap_request=0xffffffc6 fr.pc=0x000002a5cf0fcda8 relative=0x0000000000000068
Event: 40.762 Thread 0x000002a5e09c5000 Uncommon trap: reason=bimorphic_or_optimized_type_check action=maybe_recompile pc=0x000002a5cf0fcda8 method=java.util.AbstractQueue.add(Ljava/lang/Object;)Z @ 2 c2
Event: 40.762 Thread 0x000002a5e09c5000 DEOPT PACKING pc=0x000002a5cf0fcda8 sp=0x000000c4dc1f68c0
Event: 40.762 Thread 0x000002a5e09c5000 DEOPT UNPACKING pc=0x000002a5cea1469c sp=0x000000c4dc1f6888 mode 2

Classes loaded (20 events):
Event: 40.053 Loading class sun/security/util/KeyUtil
Event: 40.054 Loading class sun/security/util/KeyUtil done
Event: 40.054 Loading class sun/security/util/Length
Event: 40.054 Loading class sun/security/util/Length done
Event: 40.054 Loading class javax/crypto/SecretKey
Event: 40.054 Loading class javax/crypto/SecretKey done
Event: 40.056 Loading class java/util/Base64
Event: 40.057 Loading class java/util/Base64 done
Event: 40.057 Loading class java/util/Base64$Decoder
Event: 40.059 Loading class java/util/Base64$Decoder done
Event: 40.059 Loading class java/util/Base64$Encoder
Event: 40.060 Loading class java/util/Base64$Encoder done
Event: 40.067 Loading class java/util/jar/JarVerifier$VerifierStream
Event: 40.067 Loading class java/util/jar/JarVerifier$VerifierStream done
Event: 40.068 Loading class sun/security/util/ManifestEntryVerifier$SunProviderHolder
Event: 40.068 Loading class sun/security/util/ManifestEntryVerifier$SunProviderHolder done
Event: 40.755 Loading class java/lang/foreign/ValueLayout
Event: 40.757 Loading class java/lang/foreign/MemoryLayout
Event: 40.758 Loading class java/lang/foreign/MemoryLayout done
Event: 40.758 Loading class java/lang/foreign/ValueLayout done

Classes unloaded (0 events):
No events

Classes redefined (0 events):
No events

Internal exceptions (20 events):
Event: 35.009 Thread 0x000002a5e0b989c0 Exception <a 'java/lang/NoSuchMethodError'{0x000000008537c768}: static Lorg/gradle/internal/build/event/types/AbstractOperationResult;.<clinit>()V> (0x000000008537c768) 
thrown [s\src\hotspot\share\prims\jni.cpp, line 1135]
Event: 35.009 Thread 0x000002a5e0b989c0 Exception <a 'java/lang/NoSuchMethodError'{0x000000008537db90}: static Lorg/gradle/internal/build/event/types/AbstractResult;.<clinit>()V> (0x000000008537db90) 
thrown [s\src\hotspot\share\prims\jni.cpp, line 1135]
Event: 35.011 Thread 0x000002a5e0b989c0 Exception <a 'java/lang/NoSuchMethodError'{0x0000000085397728}: static Lorg/gradle/internal/build/event/types/DefaultPluginApplicationResult;.<clinit>()V> (0x0000000085397728) 
thrown [s\src\hotspot\share\prims\jni.cpp, line 1135]
Event: 35.012 Thread 0x000002a5e0b989c0 Exception <a 'java/lang/NoSuchMethodError'{0x00000000853a4570}: static Lorg/gradle/internal/build/event/types/DefaultBinaryPluginIdentifier;.<clinit>()V> (0x00000000853a4570) 
thrown [s\src\hotspot\share\prims\jni.cpp, line 1135]
Event: 35.015 Thread 0x000002a5e0b989c0 Exception <a 'java/lang/NoSuchMethodError'{0x00000000853be918}: static Lorg/gradle/internal/build/event/types/DefaultScriptPluginIdentifier;.<clinit>()V> (0x00000000853be918) 
thrown [s\src\hotspot\share\prims\jni.cpp, line 1135]
Event: 35.186 Thread 0x000002a5e09c5000 Implicit null exception at 0x000002a5cf25b95d to 0x000002a5cf25be1c
Event: 35.186 Thread 0x000002a5e09c5000 Implicit null exception at 0x000002a5cf25c63f to 0x000002a5cf25cadc
Event: 35.346 Thread 0x000002a5e09c5000 Exception <a 'java/lang/NoSuchMethodError'{0x0000000084d07e88}: 'void java.lang.invoke.Invokers$Holder.invoke_MT(java.lang.Object, java.lang.Object, java.lang.Object, java.lang.Object)'> (0x0000000084d07e88) 
thrown [s\src\hotspot\share\interpreter\linkResolver.cpp, line 784]
Event: 35.362 Thread 0x000002a5e09c5000 Exception <a 'java/lang/NoSuchMethodError'{0x0000000084d80770}: 'java.lang.Object java.lang.invoke.DirectMethodHandle$Holder.invokeSpecial(java.lang.Object, java.lang.Object, java.lang.Object, int, java.lang.Object, java.lang.Object)'> (0x0000000084d80770) 
thrown [s\src\hotspot\share\interpreter\linkResolver.cpp, line 784]
Event: 36.038 Thread 0x000002a5e09c5000 Exception <a 'java/lang/ClassNotFoundException'{0x00000000845ab818}: sun/misc/SharedSecrets> (0x00000000845ab818) 
thrown [s\src\hotspot\share\classfile\systemDictionary.cpp, line 312]
Event: 36.038 Thread 0x000002a5e09c5000 Exception <a 'java/lang/ClassNotFoundException'{0x00000000845ace30}: org/gradle/api/internal/plugins/DefaultObjectConfigurationActionBeanInfo> (0x00000000845ace30) 
thrown [s\src\hotspot\share\classfile\systemDictionary.cpp, line 312]
Event: 36.039 Thread 0x000002a5e09c5000 Exception <a 'java/lang/ClassNotFoundException'{0x00000000845c07e8}: org/gradle/api/internal/plugins/DefaultObjectConfigurationActionCustomizer> (0x00000000845c07e8) 
thrown [s\src\hotspot\share\classfile\systemDictionary.cpp, line 312]
Event: 36.044 Thread 0x000002a5e09c5000 Implicit null exception at 0x000002a5cf0bcd65 to 0x000002a5cf0bcff0
Event: 36.046 Thread 0x000002a5e09c5000 Exception <a 'java/lang/NoSuchMethodError'{0x00000000845cdff8}: 'int java.lang.invoke.DirectMethodHandle$Holder.invokeSpecial(java.lang.Object, java.lang.Object, java.lang.Object, int)'> (0x00000000845cdff8) 
thrown [s\src\hotspot\share\interpreter\linkResolver.cpp, line 784]
Event: 36.053 Thread 0x000002a5e09c5000 Exception <a 'java/lang/NoSuchMethodError'{0x00000000845def58}: 'java.lang.Object java.lang.invoke.DirectMethodHandle$Holder.invokeStatic(java.lang.Object, java.lang.Object, java.lang.Object, java.lang.Object, int)'> (0x00000000845def58) 
thrown [s\src\hotspot\share\interpreter\linkResolver.cpp, line 784]
Event: 39.404 Thread 0x000002a5e09c5000 Exception <a 'java/lang/NoSuchMethodError'{0x0000000085fffa28}: 'java.lang.Object java.lang.invoke.DirectMethodHandle$Holder.newInvokeSpecial(java.lang.Object, java.lang.Object, java.lang.Object, java.lang.Object, java.lang.Object, java.lang.Object, java.lang.Object, java.lang.Object, java.lang.Object, java.lang.Object, java.lang.Object, java.lang.Object, java.lang.Object, java.lang.Object, java.lang.Object, java.lang.Object)'> (0x0000000085fffa28) 
thrown [s\src\hotspot\share\interpreter\linkResolver.cpp,
Event: 39.405 Thread 0x000002a5e09c5000 Exception <a 'java/lang/NoSuchMethodError'{0x0000000085e06bc0}: 'java.lang.Object java.lang.invoke.DirectMethodHandle$Holder.invokeSpecial(java.lang.Object, java.lang.Object, java.lang.Object, java.lang.Object, java.lang.Object, java.lang.Object, java.lang.Object, java.lang.Object, java.lang.Object, java.lang.Object, java.lang.Object, java.lang.Object, java.lang.Object, java.lang.Object, java.lang.Object, java.lang.Object, java.lang.Object)'> (0x0000000085e06bc0) 
thrown [s\src\hotspot\share\interpreter\li
Event: 39.405 Thread 0x000002a5e09c5000 Exception <a 'java/lang/NoSuchMethodError'{0x0000000085e0c7a0}: 'java.lang.Object java.lang.invoke.DelegatingMethodHandle$Holder.reinvoke_L(java.lang.Object, java.lang.Object, java.lang.Object, java.lang.Object, java.lang.Object, java.lang.Object, java.lang.Object, java.lang.Object, java.lang.Object, java.lang.Object, java.lang.Object, java.lang.Object, java.lang.Object, java.lang.Object, java.lang.Object, java.lang.Object)'> (0x0000000085e0c7a0) 
thrown [s\src\hotspot\share\interpreter\linkResolver.cpp, l
Event: 39.555 Thread 0x000002a5e09c5000 Exception <a 'java/lang/NoSuchMethodError'{0x00000000859b4678}: 'void java.lang.invoke.DirectMethodHandle$Holder.invokeVirtual(java.lang.Object, java.lang.Object)'> (0x00000000859b4678) 
thrown [s\src\hotspot\share\interpreter\linkResolver.cpp, line 784]
Event: 40.048 Thread 0x000002a5e09c5000 Implicit null exception at 0x000002a5cf351278 to 0x000002a5cf351980

ZGC Phase Switch (0 events):
No events

VM Operations (20 events):
Event: 36.686 Executing VM operation: G1PauseCleanup done
Event: 37.431 Executing VM operation: G1CollectForAllocation (G1 Evacuation Pause)
Event: 37.436 Executing VM operation: G1CollectForAllocation (G1 Evacuation Pause) done
Event: 38.192 Executing VM operation: G1CollectForAllocation (G1 Evacuation Pause)
Event: 38.203 Executing VM operation: G1CollectForAllocation (G1 Evacuation Pause) done
Event: 39.104 Executing VM operation: G1CollectForAllocation (G1 Evacuation Pause)
Event: 39.111 Executing VM operation: G1CollectForAllocation (G1 Evacuation Pause) done
Event: 39.230 Executing VM operation: G1PauseRemark
Event: 39.241 Executing VM operation: G1PauseRemark done
Event: 39.292 Executing VM operation: G1PauseCleanup
Event: 39.292 Executing VM operation: G1PauseCleanup done
Event: 39.841 Executing VM operation: HandshakeAllThreads (Deoptimize)
Event: 39.842 Executing VM operation: HandshakeAllThreads (Deoptimize) done
Event: 39.939 Executing VM operation: HandshakeAllThreads (Deoptimize)
Event: 39.940 Executing VM operation: HandshakeAllThreads (Deoptimize) done
Event: 39.941 Executing VM operation: HandshakeAllThreads (Deoptimize)
Event: 39.941 Executing VM operation: HandshakeAllThreads (Deoptimize) done
Event: 40.119 Executing VM operation: G1CollectForAllocation (G1 Evacuation Pause)
Event: 40.136 Executing VM operation: G1CollectForAllocation (G1 Evacuation Pause) done
Event: 41.026 Executing VM operation: G1CollectForAllocation (G1 Evacuation Pause)

Memory protections (0 events):
No events

Nmethod flushes (20 events):
Event: 39.239 Thread 0x000002a5dac380f0 flushing  nmethod 0x000002a5c7f1b290
Event: 39.239 Thread 0x000002a5dac380f0 flushing  nmethod 0x000002a5c7f29590
Event: 39.239 Thread 0x000002a5dac380f0 flushing  nmethod 0x000002a5c7fc0d90
Event: 39.239 Thread 0x000002a5dac380f0 flushing  nmethod 0x000002a5c7ff1790
Event: 39.239 Thread 0x000002a5dac380f0 flushing  nmethod 0x000002a5c8003490
Event: 39.239 Thread 0x000002a5dac380f0 flushing  nmethod 0x000002a5c8003f90
Event: 39.239 Thread 0x000002a5dac380f0 flushing  nmethod 0x000002a5c8005510
Event: 39.239 Thread 0x000002a5dac380f0 flushing  nmethod 0x000002a5c800f290
Event: 39.239 Thread 0x000002a5dac380f0 flushing  nmethod 0x000002a5c800f610
Event: 39.239 Thread 0x000002a5dac380f0 flushing  nmethod 0x000002a5c800fa90
Event: 39.239 Thread 0x000002a5dac380f0 flushing  nmethod 0x000002a5c8010490
Event: 39.239 Thread 0x000002a5dac380f0 flushing  nmethod 0x000002a5c8010b90
Event: 39.239 Thread 0x000002a5dac380f0 flushing  nmethod 0x000002a5c8011690
Event: 39.239 Thread 0x000002a5dac380f0 flushing  nmethod 0x000002a5c8013690
Event: 39.239 Thread 0x000002a5dac380f0 flushing  nmethod 0x000002a5c8014010
Event: 39.239 Thread 0x000002a5dac380f0 flushing  nmethod 0x000002a5c8014590
Event: 39.239 Thread 0x000002a5dac380f0 flushing  nmethod 0x000002a5c8014e10
Event: 39.239 Thread 0x000002a5dac380f0 flushing  nmethod 0x000002a5c8016b10
Event: 39.239 Thread 0x000002a5dac380f0 flushing  nmethod 0x000002a5c8016f90
Event: 39.239 Thread 0x000002a5dac380f0 flushing  nmethod 0x000002a5c8019990

Events (20 events):
Event: 12.266 Thread 0x000002a5e09c3560 Thread added: 0x000002a5e09c5000
Event: 12.289 Thread 0x000002a5e09c5000 Thread added: 0x000002a5e0b97ca0
Event: 12.297 Thread 0x000002a5e09c5000 Thread added: 0x000002a5e0b98330
Event: 12.304 Thread 0x000002a5e09c5000 Thread added: 0x000002a5e0b989c0
Event: 13.265 Thread 0x000002a5e09c5000 Thread added: 0x000002a5e0b95bd0
Event: 13.283 Thread 0x000002a5e09c5000 Thread added: 0x000002a5e0b97610
Event: 13.357 Thread 0x000002a5e09c5000 Thread added: 0x000002a5e0b96260
Event: 15.859 Thread 0x000002a5e09c5000 Thread added: 0x000002a5e0b99050
Event: 15.918 Thread 0x000002a5e09c5000 Thread added: 0x000002a5e0b96f80
Event: 16.412 Thread 0x000002a5e09c5000 Thread added: 0x000002a5e30bd220
Event: 16.425 Thread 0x000002a5e09c5000 Thread added: 0x000002a5e30be5d0
Event: 16.963 Thread 0x000002a5e09c5000 Thread added: 0x000002a5e30ba430
Event: 17.134 Thread 0x000002a5e09c5000 Thread added: 0x000002a5e30b89f0
Event: 17.510 Thread 0x000002a5e09c5000 Thread added: 0x000002a5e30bec60
Event: 17.866 Thread 0x000002a5e09c5000 Thread added: 0x000002a5e30baac0
Event: 27.695 Thread 0x000002a5e09c5000 Thread added: 0x000002a5e30b9080
Event: 28.205 Thread 0x000002a5e09c5000 Thread added: 0x000002a5e30bb7e0
Event: 30.780 Thread 0x000002a5e09c5000 Thread added: 0x000002a5e30bc500
Event: 38.177 Thread 0x000002a5e09c5000 Thread added: 0x000002a5e2dd46e0
Event: 39.518 Thread 0x000002a5e09c5000 Thread added: 0x000002a5e2dd67b0


Dynamic libraries:
0x00007ff6b8090000 - 0x00007ff6b809a000 	C:\Program Files\Android\Android Studio\jbr\bin\java.exe
0x00007ffa68730000 - 0x00007ffa68947000 	C:\WINDOWS\SYSTEM32\ntdll.dll
0x00007ffa35680000 - 0x00007ffa3569a000 	C:\Program Files\Avast Software\Avast\aswhook.dll
0x00007ffa66700000 - 0x00007ffa667c4000 	C:\WINDOWS\System32\KERNEL32.DLL
0x00007ffa658f0000 - 0x00007ffa65cc1000 	C:\WINDOWS\System32\KERNELBASE.dll
0x00007ffa662e0000 - 0x00007ffa663f1000 	C:\WINDOWS\System32\ucrtbase.dll
0x00007ffa59210000 - 0x00007ffa59228000 	C:\Program Files\Android\Android Studio\jbr\bin\jli.dll
0x00007ffa67e30000 - 0x00007ffa67fe1000 	C:\WINDOWS\System32\USER32.dll
0x00007ffa65e40000 - 0x00007ffa65e66000 	C:\WINDOWS\System32\win32u.dll
0x00007ffa67e00000 - 0x00007ffa67e29000 	C:\WINDOWS\System32\GDI32.dll
0x00007ffa65e70000 - 0x00007ffa65f8b000 	C:\WINDOWS\System32\gdi32full.dll
0x00007ffa65f90000 - 0x00007ffa6602a000 	C:\WINDOWS\System32\msvcp_win.dll
0x00007ffa525a0000 - 0x00007ffa52832000 	C:\WINDOWS\WinSxS\amd64_microsoft.windows.common-controls_6595b64144ccf1df_6.0.22621.4830_none_270fe7d773858e80\COMCTL32.dll
0x00007ffa685b0000 - 0x00007ffa68657000 	C:\WINDOWS\System32\msvcrt.dll
0x00007ffa5e060000 - 0x00007ffa5e07b000 	C:\Program Files\Android\Android Studio\jbr\bin\VCRUNTIME140.dll
0x00007ffa67ba0000 - 0x00007ffa67bd1000 	C:\WINDOWS\System32\IMM32.DLL
0x00007ffa62580000 - 0x00007ffa6258c000 	C:\Program Files\Android\Android Studio\jbr\bin\vcruntime140_1.dll
0x00007ffa1bc10000 - 0x00007ffa1bc9d000 	C:\Program Files\Android\Android Studio\jbr\bin\msvcp140.dll
0x00007ff9de350000 - 0x00007ff9defd3000 	C:\Program Files\Android\Android Studio\jbr\bin\server\jvm.dll
0x00007ffa67230000 - 0x00007ffa672e1000 	C:\WINDOWS\System32\ADVAPI32.dll
0x00007ffa67180000 - 0x00007ffa67227000 	C:\WINDOWS\System32\sechost.dll
0x00007ffa65e10000 - 0x00007ffa65e38000 	C:\WINDOWS\System32\bcrypt.dll
0x00007ffa67060000 - 0x00007ffa67174000 	C:\WINDOWS\System32\RPCRT4.dll
0x00007ffa66fe0000 - 0x00007ffa67051000 	C:\WINDOWS\System32\WS2_32.dll
0x00007ffa65740000 - 0x00007ffa6578d000 	C:\WINDOWS\SYSTEM32\POWRPROF.dll
0x00007ffa5dda0000 - 0x00007ffa5ddd4000 	C:\WINDOWS\SYSTEM32\WINMM.dll
0x00007ffa5f200000 - 0x00007ffa5f20a000 	C:\WINDOWS\SYSTEM32\VERSION.dll
0x00007ffa65720000 - 0x00007ffa65733000 	C:\WINDOWS\SYSTEM32\UMPDC.dll
0x00007ffa64830000 - 0x00007ffa64848000 	C:\WINDOWS\SYSTEM32\kernel.appcore.dll
0x00007ffa62550000 - 0x00007ffa6255a000 	C:\Program Files\Android\Android Studio\jbr\bin\jimage.dll
0x00007ffa633a0000 - 0x00007ffa635d2000 	C:\WINDOWS\SYSTEM32\DBGHELP.DLL
0x00007ffa66c50000 - 0x00007ffa66fe0000 	C:\WINDOWS\System32\combase.dll
0x00007ffa67ff0000 - 0x00007ffa680c7000 	C:\WINDOWS\System32\OLEAUT32.dll
0x00007ffa582b0000 - 0x00007ffa582e2000 	C:\WINDOWS\SYSTEM32\dbgcore.DLL
0x00007ffa65870000 - 0x00007ffa658eb000 	C:\WINDOWS\System32\bcryptPrimitives.dll
0x00007ffa59310000 - 0x00007ffa5931e000 	C:\Program Files\Android\Android Studio\jbr\bin\instrument.dll
0x00007ffa5d3d0000 - 0x00007ffa5d3f0000 	C:\Program Files\Android\Android Studio\jbr\bin\java.dll
0x00007ffa5d220000 - 0x00007ffa5d238000 	C:\Program Files\Android\Android Studio\jbr\bin\zip.dll
0x00007ffa67310000 - 0x00007ffa67b98000 	C:\WINDOWS\System32\SHELL32.dll
0x00007ffa65cd0000 - 0x00007ffa65e0f000 	C:\WINDOWS\System32\wintypes.dll
0x00007ffa63780000 - 0x00007ffa6408d000 	C:\WINDOWS\SYSTEM32\windows.storage.dll
0x00007ffa681e0000 - 0x00007ffa682ea000 	C:\WINDOWS\System32\SHCORE.dll
0x00007ffa68550000 - 0x00007ffa685ae000 	C:\WINDOWS\System32\shlwapi.dll
0x00007ffa657a0000 - 0x00007ffa657cb000 	C:\WINDOWS\SYSTEM32\profapi.dll
0x00007ffa61c60000 - 0x00007ffa61c70000 	C:\Program Files\Android\Android Studio\jbr\bin\net.dll
0x00007ffa5efc0000 - 0x00007ffa5f0ec000 	C:\WINDOWS\SYSTEM32\WINHTTP.dll
0x00007ffa64d30000 - 0x00007ffa64d9a000 	C:\WINDOWS\system32\mswsock.dll
0x00007ffa5bda0000 - 0x00007ffa5bdb6000 	C:\Program Files\Android\Android Studio\jbr\bin\nio.dll
0x00007ffa62540000 - 0x00007ffa62550000 	C:\Program Files\Android\Android Studio\jbr\bin\verify.dll
0x00007ffa47e20000 - 0x00007ffa47e47000 	C:\Users\52785\.gradle\native\c067742578af261105cb4f569cf0c3c89f3d7b1fecec35dd04571415982c5e48\windows-amd64\native-platform.dll
0x00007ffa1b3c0000 - 0x00007ffa1b504000 	C:\Users\52785\.gradle\native\100fb08df4bc3b14c8652ba06237920a3bd2aa13389f12d3474272988ae205f9\windows-amd64\native-platform-file-events.dll
0x00007ffa5e140000 - 0x00007ffa5e149000 	C:\Program Files\Android\Android Studio\jbr\bin\management.dll
0x00007ffa5d140000 - 0x00007ffa5d14b000 	C:\Program Files\Android\Android Studio\jbr\bin\management_ext.dll
0x00007ffa672f0000 - 0x00007ffa672f8000 	C:\WINDOWS\System32\PSAPI.DLL
0x00007ffa64f90000 - 0x00007ffa64fab000 	C:\WINDOWS\SYSTEM32\CRYPTSP.dll
0x00007ffa647e0000 - 0x00007ffa64817000 	C:\WINDOWS\system32\rsaenh.dll
0x00007ffa64e20000 - 0x00007ffa64e48000 	C:\WINDOWS\SYSTEM32\USERENV.dll
0x00007ffa64f80000 - 0x00007ffa64f8c000 	C:\WINDOWS\SYSTEM32\CRYPTBASE.dll
0x00007ffa64380000 - 0x00007ffa643ad000 	C:\WINDOWS\SYSTEM32\IPHLPAPI.DLL
0x00007ffa67300000 - 0x00007ffa67309000 	C:\WINDOWS\System32\NSI.dll
0x00007ffa5f870000 - 0x00007ffa5f879000 	C:\Program Files\Android\Android Studio\jbr\bin\extnet.dll
0x00007ffa62530000 - 0x00007ffa62538000 	C:\WINDOWS\system32\wshunix.dll

dbghelp: loaded successfully - version: 4.0.5 - missing functions: none
symbol engine: initialized successfully - sym options: 0x614 - pdb path: .;C:\Program Files\Android\Android Studio\jbr\bin;C:\WINDOWS\SYSTEM32;C:\Program Files\Avast Software\Avast;C:\WINDOWS\WinSxS\amd64_microsoft.windows.common-controls_6595b64144ccf1df_6.0.22621.4830_none_270fe7d773858e80;C:\Program Files\Android\Android Studio\jbr\bin\server;C:\Users\52785\.gradle\native\c067742578af261105cb4f569cf0c3c89f3d7b1fecec35dd04571415982c5e48\windows-amd64;C:\Users\52785\.gradle\native\100fb08df4bc3b14c8652ba06237920a3bd2aa13389f12d3474272988ae205f9\windows-amd64

VM Arguments:
jvm_args: --add-opens=java.base/java.util=ALL-UNNAMED --add-opens=java.base/java.lang=ALL-UNNAMED --add-opens=java.base/java.lang.invoke=ALL-UNNAMED --add-opens=java.prefs/java.util.prefs=ALL-UNNAMED --add-exports=jdk.compiler/com.sun.tools.javac.api=ALL-UNNAMED --add-exports=jdk.compiler/com.sun.tools.javac.util=ALL-UNNAMED --add-opens=java.base/java.nio.charset=ALL-UNNAMED --add-opens=java.base/java.net=ALL-UNNAMED --add-opens=java.base/java.util.concurrent.atomic=ALL-UNNAMED -Xmx2048m -Dfile.encoding=UTF-8 -Duser.country=US -Duser.language=en -Duser.variant -javaagent:C:\Users\52785\.gradle\wrapper\dists\gradle-8.9-bin\90cnw93cvbtalezasaz0blq0a\gradle-8.9\lib\agents\gradle-instrumentation-agent-8.9.jar 
java_command: org.gradle.launcher.daemon.bootstrap.GradleDaemon 8.9
java_class_path (initial): C:\Users\52785\.gradle\wrapper\dists\gradle-8.9-bin\90cnw93cvbtalezasaz0blq0a\gradle-8.9\lib\gradle-daemon-main-8.9.jar
Launcher Type: SUN_STANDARD

[Global flags]
     intx CICompilerCount                          = 2                                         {product} {ergonomic}
     uint ConcGCThreads                            = 1                                         {product} {ergonomic}
     uint G1ConcRefinementThreads                  = 2                                         {product} {ergonomic}
   size_t G1HeapRegionSize                         = 1048576                                   {product} {ergonomic}
    uintx GCDrainStackTargetSize                   = 64                                        {product} {ergonomic}
   size_t InitialHeapSize                          = 65011712                                  {product} {ergonomic}
   size_t MarkStackSize                            = 4194304                                   {product} {ergonomic}
   size_t MaxHeapSize                              = 2147483648                                {product} {command line}
   size_t MaxNewSize                               = 1287651328                                {product} {ergonomic}
   size_t MinHeapDeltaBytes                        = 1048576                                   {product} {ergonomic}
   size_t MinHeapSize                              = 8388608                                   {product} {ergonomic}
    uintx NonNMethodCodeHeapSize                   = 5826188                                {pd product} {ergonomic}
    uintx NonProfiledCodeHeapSize                  = 122916026                              {pd product} {ergonomic}
    uintx ProfiledCodeHeapSize                     = 122916026                              {pd product} {ergonomic}
    uintx ReservedCodeCacheSize                    = 251658240                              {pd product} {ergonomic}
     bool SegmentedCodeCache                       = true                                      {product} {ergonomic}
   size_t SoftMaxHeapSize                          = 2147483648                             {manageable} {ergonomic}
     bool UseCompressedOops                        = true                           {product lp64_product} {ergonomic}
     bool UseG1GC                                  = true                                      {product} {ergonomic}
     bool UseLargePagesIndividualAllocation        = false                                  {pd product} {ergonomic}

Logging:
Log output configuration:
 #0: stdout all=warning uptime,level,tags foldmultilines=false
 #1: stderr all=off uptime,level,tags foldmultilines=false

Environment Variables:
JAVA_HOME=C:\ProgramFiles\Java\jdk-19
PATH=C:\Program Files\Common Files\Oracle\Java\javapath;C:\WINDOWS\system32;C:\WINDOWS;C:\WINDOWS\System32\Wbem;C:\WINDOWS\System32\WindowsPowerShell\v1.0\;C:\WINDOWS\System32\OpenSSH\;C:\Program Files\dotnet\;C:\Program Files\Cloudflare\Cloudflare WARP\;C:\Users\52785\AppData\Local\Microsoft\WindowsApps;C:\ProgramFiles\Java\jdk-19\bin
USERNAME=52785
OS=Windows_NT
PROCESSOR_IDENTIFIER=Intel64 Family 6 Model 122 Stepping 8, GenuineIntel
TMP=C:\Users\52785\AppData\Local\Temp
TEMP=C:\Users\52785\AppData\Local\Temp




Periodic native trim disabled

JNI global refs:
JNI global refs: 26, weak refs: 0

JNI global refs memory usage: 835, weak refs: 833

Process memory usage:
Resident Set Size: 318964K (7% of 4012908K total physical memory with 422448K free physical memory)

OOME stack traces (most recent first):
Classloader memory used:
Loader org.gradle.internal.classloader.VisitableURLClassLoader                         : 34587K
Loader bootstrap                                                                       : 25028K
Loader org.gradle.initialization.MixInLegacyTypesClassLoader                           : 10221K
Loader org.gradle.internal.classloader.VisitableURLClassLoader$InstrumentingVisitableURLClassLoader: 8936K
Loader jdk.internal.loader.ClassLoaders$PlatformClassLoader                            : 501K
Loader jdk.internal.loader.ClassLoaders$AppClassLoader                                 : 230K
Loader jdk.internal.reflect.DelegatingClassLoader                                      : 153K
Loader org.gradle.internal.classloader.VisitableURLClassLoader                         : 127K

Classes loaded by more than one classloader:
Class Program                                                                         : loaded 4 times (x 70B)
Class com.google.common.base.Equivalence$Identity                                     : loaded 2 times (x 78B)
Class com.google.common.collect.RegularImmutableMap$KeySet                            : loaded 2 times (x 146B)
Class org.gradle.internal.classloader.FilteringClassLoader                            : loaded 2 times (x 101B)
Class [Lcom.google.common.base.AbstractIterator$State;                                : loaded 2 times (x 65B)
Class com.google.common.base.CharMatcher$IsEither                                     : loaded 2 times (x 107B)
Class org.gradle.internal.classloader.ClassLoaderHierarchy                            : loaded 2 times (x 66B)
Class com.google.common.collect.ImmutableEnumSet                                      : loaded 2 times (x 142B)
Class com.google.common.util.concurrent.ExecutionError                                : loaded 2 times (x 78B)
Class com.google.common.collect.ImmutableList$1                                       : loaded 2 times (x 93B)
Class org.gradle.api.internal.classpath.ManifestUtil                                  : loaded 2 times (x 67B)
Class com.google.common.collect.RegularImmutableMap                                   : loaded 2 times (x 117B)
Class com.google.common.collect.ImmutableMap$MapViewOfValuesAsSingletonSets           : loaded 2 times (x 121B)
Class [Lorg.objectweb.asm.Symbol;                                                     : loaded 2 times (x 65B)
Class org.objectweb.asm.ClassVisitor                                                  : loaded 2 times (x 84B)
Class com.google.common.collect.UnmodifiableListIterator                              : loaded 2 times (x 91B)
Class org.objectweb.asm.MethodTooLargeException                                       : loaded 2 times (x 79B)
Class [Lcom.google.common.cache.CacheBuilder$OneWeigher;                              : loaded 2 times (x 65B)
Class com.google.common.base.Suppliers                                                : loaded 2 times (x 67B)
Class com.google.common.base.Platform$JdkPatternCompiler                              : loaded 2 times (x 71B)
Class org.gradle.internal.classloader.DefaultClassLoaderFactory                       : loaded 2 times (x 78B)
Class com.google.common.base.CharMatcher$None                                         : loaded 2 times (x 108B)
Class org.gradle.internal.classloader.ClassLoaderVisitor                              : loaded 2 times (x 72B)
Class [Lcom.google.common.collect.ImmutableMapEntry;                                  : loaded 2 times (x 65B)
Class org.gradle.api.internal.classpath.EffectiveClassPath                            : loaded 2 times (x 86B)
Class com.google.common.collect.ImmutableEnumMap                                      : loaded 2 times (x 121B)
Class com.google.common.collect.ListMultimap                                          : loaded 2 times (x 66B)
Class com.google.common.collect.Sets$1                                                : loaded 2 times (x 135B)
Class org.objectweb.asm.AnnotationVisitor                                             : loaded 2 times (x 74B)
Class com.google.common.base.Splitter                                                 : loaded 2 times (x 68B)
Class org.gradle.api.internal.DefaultClassPathProvider                                : loaded 2 times (x 72B)
Class com.google.common.collect.Sets$2                                                : loaded 2 times (x 135B)
Class [Lorg.gradle.api.internal.ClassPathProvider;                                    : loaded 2 times (x 65B)
Class org.gradle.api.internal.ClassPathProvider                                       : loaded 2 times (x 66B)
Class com.google.common.collect.Sets$3                                                : loaded 2 times (x 135B)
Class com.google.common.util.concurrent.AbstractFuture$SafeAtomicHelper               : loaded 2 times (x 75B)
Class com.google.common.cache.LocalCache$LocalLoadingCache                            : loaded 2 times (x 130B)
Class com.google.common.base.AbstractIterator$State                                   : loaded 2 times (x 75B)
Class org.gradle.internal.service.UnknownServiceException                             : loaded 2 times (x 79B)
Class com.google.common.collect.Sets$4                                                : loaded 2 times (x 135B)
Class org.objectweb.asm.ModuleVisitor                                                 : loaded 2 times (x 77B)
Class com.google.common.cache.LocalCache$Strength$1                                   : loaded 2 times (x 77B)
Class com.google.common.util.concurrent.SettableFuture                                : loaded 2 times (x 110B)
Class com.google.common.cache.LocalCache$Strength$2                                   : loaded 2 times (x 77B)
Class com.google.common.cache.LocalCache$Strength$3                                   : loaded 2 times (x 77B)
Class com.google.common.collect.MapDifference                                         : loaded 2 times (x 66B)
Class com.google.common.base.Splitter$1                                               : loaded 2 times (x 73B)
Class org.objectweb.asm.FieldWriter                                                   : loaded 2 times (x 74B)
Class com.google.common.cache.CacheBuilder$NullListener                               : loaded 2 times (x 78B)
Class org.gradle.internal.classpath.TransformedClassPath                              : loaded 2 times (x 92B)
Class com.google.common.cache.CacheLoader$FunctionToCacheLoader                       : loaded 2 times (x 71B)
Class com.google.common.collect.Iterators$ArrayItr                                    : loaded 2 times (x 93B)
Class com.google.common.collect.ImmutableCollection$Builder                           : loaded 2 times (x 72B)
Class com.google.common.base.MoreObjects                                              : loaded 2 times (x 67B)
Class [Lorg.objectweb.asm.Type;                                                       : loaded 2 times (x 65B)
Class com.google.common.collect.Platform                                              : loaded 2 times (x 67B)
Class com.google.common.collect.UnmodifiableIterator                                  : loaded 2 times (x 76B)
Class org.gradle.internal.service.ServiceLocator                                      : loaded 2 times (x 66B)
Class com.google.common.collect.SingletonImmutableBiMap                               : loaded 2 times (x 139B)
Class com.google.common.cache.LocalCache$1                                            : loaded 2 times (x 85B)
Class com.google.common.collect.AbstractMapEntry                                      : loaded 2 times (x 77B)
Class com.google.common.cache.LocalCache$2                                            : loaded 2 times (x 138B)
Class com.google.common.collect.AbstractMultimap                                      : loaded 2 times (x 119B)
Class com.google.common.util.concurrent.AbstractFuture$UnsafeAtomicHelper$1           : loaded 2 times (x 72B)
Class com.google.common.collect.RegularImmutableAsList                                : loaded 2 times (x 212B)
Class com.google.common.util.concurrent.AbstractFuture$Trusted                        : loaded 2 times (x 66B)
Class com.google.common.collect.Iterators                                             : loaded 2 times (x 67B)
Class com.google.common.base.CharMatcher$RangesMatcher                                : loaded 2 times (x 108B)
Class com.google.common.util.concurrent.UncheckedExecutionException                   : loaded 2 times (x 78B)
Class com.google.common.collect.Lists$StringAsImmutableList                           : loaded 2 times (x 203B)
Class org.gradle.kotlin.dsl.VersionCatalogAccessorsKt                                 : loaded 2 times (x 67B)
Class com.google.common.base.CharMatcher$JavaLetterOrDigit                            : loaded 2 times (x 107B)
Class org.gradle.internal.InternalTransformer                                         : loaded 2 times (x 66B)
Class org.objectweb.asm.ClassWriter                                                   : loaded 2 times (x 102B)
Class com.google.common.cache.CacheLoader$UnsupportedLoadingOperationException        : loaded 2 times (x 78B)
Class com.google.common.base.CharMatcher$And                                          : loaded 2 times (x 108B)
Class org.gradle.internal.classloader.ClasspathUtil$1                                 : loaded 2 times (x 72B)
Class org.objectweb.asm.FieldVisitor                                                  : loaded 2 times (x 73B)
Class com.google.common.collect.IndexedImmutableSet                                   : loaded 2 times (x 146B)
Class com.google.common.collect.ImmutableMap$1                                        : loaded 2 times (x 77B)
Class com.google.common.collect.BiMap                                                 : loaded 2 times (x 66B)
Class org.gradle.api.internal.classpath.DefaultModuleRegistry$DefaultModule           : loaded 2 times (x 82B)
Class com.google.common.primitives.Ints                                               : loaded 2 times (x 67B)
Class com.google.common.collect.AbstractIterator                                      : loaded 2 times (x 78B)
Class com.google.common.math.MathPreconditions                                        : loaded 2 times (x 67B)
Class com.google.common.collect.Multiset                                              : loaded 2 times (x 66B)
Class com.google.common.collect.ArrayListMultimapGwtSerializationDependencies         : loaded 2 times (x 168B)
Class com.google.common.collect.ObjectArrays                                          : loaded 2 times (x 67B)
Class com.google.common.collect.AbstractIndexedListIterator                           : loaded 2 times (x 92B)
Class com.google.common.collect.ImmutableMapEntrySet                                  : loaded 2 times (x 147B)
Class org.gradle.api.internal.classpath.Module                                        : loaded 2 times (x 66B)
Class com.google.common.cache.Weigher                                                 : loaded 2 times (x 66B)
Class org.gradle.api.internal.classpath.UnknownModuleException                        : loaded 2 times (x 78B)
Class com.google.common.base.Stopwatch                                                : loaded 2 times (x 68B)
Class com.google.common.cache.LocalCache$Strength                                     : loaded 2 times (x 77B)
Class com.google.common.cache.Cache                                                   : loaded 2 times (x 66B)
Class com.google.common.util.concurrent.AbstractFuture$Cancellation                   : loaded 2 times (x 68B)
Class com.google.common.collect.ImmutableMap$Builder                                  : loaded 2 times (x 78B)
Class com.google.common.base.NullnessCasts                                            : loaded 2 times (x 67B)
Class com.google.common.cache.RemovalListener                                         : loaded 2 times (x 66B)
Class org.gradle.api.internal.DefaultClassPathRegistry                                : loaded 2 times (x 72B)
Class com.google.common.primitives.IntsMethodsForWeb                                  : loaded 2 times (x 67B)
Class com.google.common.collect.Multimap                                              : loaded 2 times (x 66B)
Class org.gradle.api.internal.ClassPathRegistry                                       : loaded 2 times (x 66B)
Class org.gradle.internal.classpath.DefaultClassPath$ImmutableUniqueList              : loaded 2 times (x 195B)
Class com.google.common.cache.CacheBuilder                                            : loaded 2 times (x 68B)
Class com.google.common.collect.SingletonImmutableList                                : loaded 2 times (x 203B)
Class com.google.common.base.PairwiseEquivalence                                      : loaded 2 times (x 79B)
Class Settings_gradle$1                                                               : loaded 2 times (x 70B)
Class org.gradle.internal.classpath.ClassPath                                         : loaded 2 times (x 66B)
Class org.gradle.api.UncheckedIOException                                             : loaded 2 times (x 78B)
Class com.google.common.collect.ImmutableList$ReverseImmutableList                    : loaded 2 times (x 204B)
Class com.google.common.base.JdkPattern                                               : loaded 2 times (x 71B)
Class org.objectweb.asm.SymbolTable$Entry                                             : loaded 2 times (x 70B)
Class com.google.common.util.concurrent.AbstractFuture$AtomicHelper                   : loaded 2 times (x 74B)
Class org.objectweb.asm.Edge                                                          : loaded 2 times (x 68B)
Class com.google.common.base.Suppliers$SupplierOfInstance                             : loaded 2 times (x 75B)
Class com.google.common.collect.Iterators$1                                           : loaded 2 times (x 77B)
Class com.google.common.cache.LocalCache$ComputingValueReference                      : loaded 2 times (x 92B)
Class com.google.common.collect.SingletonImmutableSet                                 : loaded 2 times (x 142B)
Class com.google.common.collect.ImmutableMap$IteratorBasedImmutableMap                : loaded 2 times (x 121B)
Class com.google.common.cache.LocalCache$Segment                                      : loaded 2 times (x 150B)
Class [Lorg.objectweb.asm.SymbolTable$Entry;                                          : loaded 2 times (x 65B)
Class com.google.common.cache.CacheLoader                                             : loaded 2 times (x 70B)
Class com.google.common.collect.Iterators$4                                           : loaded 2 times (x 78B)
Class com.google.common.collect.ImmutableBiMap                                        : loaded 2 times (x 139B)
Class com.google.common.collect.AbstractListMultimap                                  : loaded 2 times (x 168B)
Class org.gradle.internal.installation.GradleInstallation$1                           : loaded 2 times (x 71B)
Class org.gradle.api.internal.classpath.ModuleRegistry                                : loaded 2 times (x 66B)
Class com.google.common.util.concurrent.internal.InternalFutureFailureAccess          : loaded 2 times (x 68B)
Class com.google.common.collect.Iterators$5                                           : loaded 2 times (x 78B)
Class com.google.common.collect.ImmutableSet$JdkBackedSetBuilderImpl                  : loaded 2 times (x 72B)
Class com.google.common.base.Splitter$SplittingIterator                               : loaded 2 times (x 80B)
Class com.google.common.util.concurrent.AbstractFuture$UnsafeAtomicHelper             : loaded 2 times (x 74B)
Class com.google.common.cache.LocalCache$LocalManualCache$1                           : loaded 2 times (x 71B)
Class com.google.common.base.CharMatcher$ForPredicate                                 : loaded 2 times (x 108B)
Class com.google.common.collect.ImmutableCollection                                   : loaded 2 times (x 121B)
Class com.google.common.base.CharMatcher$AnyOf                                        : loaded 2 times (x 108B)
Class org.gradle.api.internal.classpath.DefaultModuleRegistry                         : loaded 2 times (x 79B)
Class com.google.common.util.concurrent.ListenableFuture                              : loaded 2 times (x 66B)
Class com.google.common.cache.ReferenceEntry                                          : loaded 2 times (x 66B)
Class com.google.common.collect.ImmutableSet$CachingAsList                            : loaded 2 times (x 143B)
Class com.google.common.base.Converter                                                : loaded 2 times (x 86B)
Class com.google.common.collect.Lists                                                 : loaded 2 times (x 67B)
Class com.google.common.base.CharMatcher$Any                                          : loaded 2 times (x 108B)
Class com.google.common.util.concurrent.AbstractFuture                                : loaded 2 times (x 102B)
Class com.google.common.base.FunctionalEquivalence                                    : loaded 2 times (x 79B)
Class com.google.common.collect.Iterators$9                                           : loaded 2 times (x 77B)
Class com.google.common.collect.AbstractMapBasedMultimap                              : loaded 2 times (x 135B)
Class com.google.common.collect.ImmutableAsList                                       : loaded 2 times (x 205B)
Class org.objectweb.asm.RecordComponentVisitor                                        : loaded 2 times (x 73B)
Class com.google.common.cache.CacheLoader$SupplierToCacheLoader                       : loaded 2 times (x 71B)
Class com.google.common.collect.Maps$EntryTransformer                                 : loaded 2 times (x 66B)
Class org.gradle.internal.service.ServiceLookupException                              : loaded 2 times (x 78B)
Class [Lcom.google.common.cache.LocalCache$EntryFactory;                              : loaded 2 times (x 65B)
Class com.google.common.base.CharMatcher$JavaLetter                                   : loaded 2 times (x 107B)
Class org.gradle.internal.classloader.ClassLoaderFactory                              : loaded 2 times (x 66B)
Class com.google.common.cache.LocalCache$LocalManualCache                             : loaded 2 times (x 95B)
Class com.google.common.base.CharMatcher$IsNot                                        : loaded 2 times (x 107B)
Class com.google.common.base.CommonPattern                                            : loaded 2 times (x 70B)
Class org.gradle.internal.service.CachingServiceLocator                               : loaded 2 times (x 78B)
Class com.google.common.math.IntMath                                                  : loaded 2 times (x 67B)
Class com.google.common.collect.Iterators$10                                          : loaded 2 times (x 77B)
Class com.google.common.collect.ImmutableMapEntry                                     : loaded 2 times (x 81B)
Class com.google.common.base.CharMatcher$JavaDigit                                    : loaded 2 times (x 107B)
Class com.google.common.base.Equivalence                                              : loaded 2 times (x 78B)
Class com.google.common.collect.ImmutableMapEntry$NonTerminalImmutableMapEntry        : loaded 2 times (x 81B)
Class com.google.common.base.Function                                                 : loaded 2 times (x 66B)
Class com.google.common.collect.IndexedImmutableSet$1                                 : loaded 2 times (x 208B)
Class com.google.common.cache.CacheBuilder$OneWeigher                                 : loaded 2 times (x 78B)
Class com.google.common.collect.RegularImmutableList                                  : loaded 2 times (x 208B)
Class com.google.common.collect.ImmutableBiMapFauxverideShim                          : loaded 2 times (x 116B)
Class org.gradle.internal.classloader.ClasspathUtil                                   : loaded 2 times (x 67B)
Class com.google.common.util.concurrent.Uninterruptibles                              : loaded 2 times (x 67B)
Class com.google.common.collect.Maps                                                  : loaded 2 times (x 67B)
Class com.google.common.base.CharMatcher$JavaUpperCase                                : loaded 2 times (x 107B)
Class org.gradle.api.specs.Spec                                                       : loaded 2 times (x 66B)
Class [Lcom.google.common.collect.ImmutableEntry;                                     : loaded 2 times (x 65B)
Class com.google.common.cache.LocalCache$LoadingValueReference                        : loaded 2 times (x 92B)
Class com.google.common.base.Platform                                                 : loaded 2 times (x 67B)
Class Build_gradle$1                                                                  : loaded 2 times (x 74B)
Class com.google.common.primitives.Ints$IntConverter                                  : loaded 2 times (x 86B)
Class com.google.common.collect.Maps$8                                                : loaded 2 times (x 78B)
Class com.google.common.collect.Sets$SetView                                          : loaded 2 times (x 134B)
Class com.google.common.cache.LocalCache$StrongValueReference                         : loaded 2 times (x 86B)
Class com.google.common.util.concurrent.AbstractFuture$SynchronizedHelper             : loaded 2 times (x 74B)
Class com.google.common.base.CharMatcher$Invisible                                    : loaded 2 times (x 108B)
Class org.objectweb.asm.Type                                                          : loaded 2 times (x 68B)
Class org.gradle.internal.classloader.VisitableURLClassLoader$InstrumentingVisitableURLClassLoader: loaded 2 times (x 119B)
Class org.objectweb.asm.ByteVector                                                    : loaded 2 times (x 75B)
Class [Lcom.google.common.cache.CacheBuilder$NullListener;                            : loaded 2 times (x 65B)
Class com.google.common.math.IntMath$1                                                : loaded 2 times (x 67B)
Class org.gradle.internal.classloader.VisitableURLClassLoader$Spec                    : loaded 2 times (x 70B)
Class org.gradle.internal.classpath.DefaultClassPath                                  : loaded 2 times (x 86B)
Class org.objectweb.asm.Symbol                                                        : loaded 2 times (x 69B)
Class com.google.common.base.AbstractIterator                                         : loaded 2 times (x 76B)
Class com.google.common.collect.RegularImmutableMap$Values                            : loaded 2 times (x 203B)
Class com.google.common.collect.ImmutableSet                                          : loaded 2 times (x 141B)
Class com.google.common.base.CharMatcher$BitSetMatcher                                : loaded 2 times (x 108B)
Class com.google.common.base.CharMatcher$Ascii                                        : loaded 2 times (x 108B)
Class org.gradle.internal.classloader.ClassLoaderSpec                                 : loaded 2 times (x 67B)
Class org.objectweb.asm.AnnotationWriter                                              : loaded 2 times (x 75B)
Class com.google.common.cache.CacheStats                                              : loaded 2 times (x 67B)
Class org.objectweb.asm.RecordComponentWriter                                         : loaded 2 times (x 74B)
Class com.google.common.util.concurrent.AbstractFuture$Listener                       : loaded 2 times (x 68B)
Class com.google.common.base.CharMatcher$Or                                           : loaded 2 times (x 108B)
Class Settings_gradle$1$1                                                             : loaded 2 times (x 70B)
Class org.objectweb.asm.Attribute                                                     : loaded 2 times (x 73B)
Class com.google.common.base.Supplier                                                 : loaded 2 times (x 66B)
Class org.gradle.internal.classloader.VisitableURLClassLoader                         : loaded 2 times (x 113B)
Class com.google.common.util.concurrent.AbstractFuture$Waiter                         : loaded 2 times (x 68B)
Class Settings_gradle                                                                 : loaded 2 times (x 124B)
Class org.gradle.internal.Cast                                                        : loaded 2 times (x 67B)
Class org.gradle.api.Action                                                           : loaded 2 times (x 66B)
Class com.google.common.collect.Sets                                                  : loaded 2 times (x 67B)
Class org.objectweb.asm.Handler                                                       : loaded 2 times (x 68B)
Class com.google.common.base.Ticker                                                   : loaded 2 times (x 68B)
Class com.google.common.base.Strings                                                  : loaded 2 times (x 67B)
Class com.google.common.base.CharMatcher$FastMatcher                                  : loaded 2 times (x 107B)
Class org.gradle.internal.agents.InstrumentingClassLoader                             : loaded 2 times (x 66B)
Class [Lcom.google.common.cache.LocalCache$Segment;                                   : loaded 2 times (x 65B)
Class [Lcom.google.common.cache.LocalCache$Strength;                                  : loaded 2 times (x 65B)
Class com.google.common.cache.CacheBuilder$1                                          : loaded 2 times (x 81B)
Class com.google.common.collect.ImmutableMap                                          : loaded 2 times (x 116B)
Class com.google.common.base.Predicate                                                : loaded 2 times (x 66B)
Class org.gradle.internal.classpath.DefaultClassPath$ImmutableUniqueList$Builder      : loaded 2 times (x 71B)
Class com.google.common.cache.LocalCache                                              : loaded 2 times (x 183B)
Class com.google.common.cache.CacheBuilder$2                                          : loaded 2 times (x 68B)
Class com.google.common.base.CharMatcher$NegatedFastMatcher                           : loaded 2 times (x 109B)
Class [Lcom.google.common.collect.AbstractMapEntry;                                   : loaded 2 times (x 65B)
Class com.google.common.collect.ImmutableEntry                                        : loaded 2 times (x 78B)
Class com.google.common.collect.ArrayListMultimap                                     : loaded 2 times (x 168B)
Class com.google.common.base.AbstractIterator$1                                       : loaded 2 times (x 67B)
Class com.google.common.base.CharMatcher$Digit                                        : loaded 2 times (x 108B)
Class org.gradle.api.GradleException                                                  : loaded 2 times (x 78B)
Class com.google.common.collect.CollectPreconditions                                  : loaded 2 times (x 67B)
Class com.google.common.base.CharMatcher$JavaIsoControl                               : loaded 2 times (x 108B)
Class com.google.common.collect.SortedMapDifference                                   : loaded 2 times (x 66B)
Class com.google.common.base.CharMatcher$JavaLowerCase                                : loaded 2 times (x 107B)
Class com.google.common.cache.LocalCache$EntryFactory                                 : loaded 2 times (x 79B)
Class com.google.common.cache.LocalCache$AbstractReferenceEntry                       : loaded 2 times (x 103B)
Class com.google.common.base.Splitter$1$1                                             : loaded 2 times (x 82B)
Class com.google.common.base.CharMatcher$Whitespace                                   : loaded 2 times (x 108B)
Class org.gradle.internal.IoActions                                                   : loaded 2 times (x 67B)
Class org.objectweb.asm.SymbolTable                                                   : loaded 2 times (x 68B)
Class com.google.common.cache.CacheLoader$InvalidCacheLoadException                   : loaded 2 times (x 78B)
Class com.google.common.collect.ImmutableSet$RegularSetBuilderImpl                    : loaded 2 times (x 73B)
Class com.google.common.base.CharMatcher$SingleWidth                                  : loaded 2 times (x 108B)
Class org.gradle.internal.classloader.SystemClassLoaderSpec                           : loaded 2 times (x 67B)
Class com.google.common.cache.LocalCache$StrongEntry                                  : loaded 2 times (x 104B)
Class com.google.common.util.concurrent.AbstractFuture$TrustedFuture                  : loaded 2 times (x 110B)
Class com.google.common.cache.LoadingCache                                            : loaded 2 times (x 66B)
Class org.objectweb.asm.MethodWriter                                                  : loaded 2 times (x 102B)
Class [Lcom.google.common.cache.Weigher;                                              : loaded 2 times (x 65B)
Class com.google.common.collect.RegularImmutableMap$BucketOverflowException           : loaded 2 times (x 78B)
Class com.google.common.collect.RegularImmutableBiMap                                 : loaded 2 times (x 144B)
Class com.google.common.cache.LocalCache$ValueReference                               : loaded 2 times (x 66B)
Class com.google.common.base.CharMatcher$Negated                                      : loaded 2 times (x 109B)
Class com.google.common.base.CharMatcher$Is                                           : loaded 2 times (x 107B)
Class com.google.common.util.concurrent.AbstractFuture$Failure                        : loaded 2 times (x 68B)
Class com.google.common.base.Equivalence$Equals                                       : loaded 2 times (x 78B)
Class com.google.common.collect.Hashing                                               : loaded 2 times (x 67B)
Class com.google.common.base.PatternCompiler                                          : loaded 2 times (x 66B)
Class com.google.common.base.Preconditions                                            : loaded 2 times (x 67B)
Class org.objectweb.asm.Label                                                         : loaded 2 times (x 69B)
Class org.objectweb.asm.CurrentFrame                                                  : loaded 2 times (x 69B)
Class org.objectweb.asm.ClassTooLargeException                                        : loaded 2 times (x 79B)
Class com.google.common.collect.PeekingIterator                                       : loaded 2 times (x 66B)
Class com.google.common.base.CharMatcher                                              : loaded 2 times (x 107B)
Class org.objectweb.asm.Frame                                                         : loaded 2 times (x 69B)
Class org.objectweb.asm.MethodVisitor                                                 : loaded 2 times (x 101B)
Class com.google.common.cache.LocalCache$EntryFactory$1                               : loaded 2 times (x 79B)
Class [Lcom.google.common.cache.RemovalListener;                                      : loaded 2 times (x 65B)
Class com.google.common.base.CharMatcher$1                                            : loaded 2 times (x 109B)
Class com.google.common.base.CharMatcher$NamedFastMatcher                             : loaded 2 times (x 108B)
Class com.google.common.cache.LocalCache$EntryFactory$2                               : loaded 2 times (x 79B)
Class org.objectweb.asm.ModuleWriter                                                  : loaded 2 times (x 78B)
Class com.google.common.cache.LocalCache$EntryFactory$3                               : loaded 2 times (x 79B)
Class com.google.common.base.Ticker$1                                                 : loaded 2 times (x 68B)
Class com.google.common.collect.ImmutableMapEntrySet$RegularEntrySet                  : loaded 2 times (x 147B)
Class com.google.common.collect.Maps$BiMapConverter                                   : loaded 2 times (x 86B)
Class com.google.common.cache.LocalCache$EntryFactory$4                               : loaded 2 times (x 79B)
Class com.google.common.collect.ImmutableSet$Builder                                  : loaded 2 times (x 81B)
Class com.google.common.base.CharMatcher$InRange                                      : loaded 2 times (x 107B)
Class com.google.common.cache.LocalCache$EntryFactory$5                               : loaded 2 times (x 79B)
Class com.google.common.cache.LocalCache$EntryFactory$6                               : loaded 2 times (x 79B)
Class Build_gradle                                                                    : loaded 2 times (x 68B)
Class org.gradle.internal.installation.CurrentGradleInstallationLocator               : loaded 2 times (x 67B)
Class com.google.common.cache.LocalCache$EntryFactory$7                               : loaded 2 times (x 79B)
Class com.google.common.collect.ImmutableSet$EmptySetBuilderImpl                      : loaded 2 times (x 72B)
Class com.google.common.collect.ImmutableList                                         : loaded 2 times (x 202B)
Class org.gradle.internal.service.DefaultServiceLocator                               : loaded 2 times (x 79B)
Class com.google.common.cache.LocalCache$EntryFactory$8                               : loaded 2 times (x 79B)
Class com.google.common.collect.ImmutableSet$SetBuilderImpl                           : loaded 2 times (x 72B)
Class org.gradle.internal.installation.CurrentGradleInstallation                      : loaded 2 times (x 69B)
Class com.google.common.cache.CacheLoader$1                                           : loaded 2 times (x 71B)
Class com.google.common.collect.ImmutableList$SubList                                 : loaded 2 times (x 204B)
Class org.gradle.util.internal.GUtil                                                  : loaded 2 times (x 67B)
Class com.google.common.util.concurrent.AbstractFuture$SetFuture                      : loaded 2 times (x 71B)
Class com.google.common.cache.AbstractCache$StatsCounter                              : loaded 2 times (x 66B)
Class com.google.common.collect.Iterators$MergingIterator                             : loaded 2 times (x 77B)
Class com.google.common.collect.RegularImmutableSet                                   : loaded 2 times (x 144B)
Class org.gradle.internal.installation.GradleInstallation                             : loaded 2 times (x 71B)
Class com.google.common.collect.Iterables                                             : loaded 2 times (x 67B)
Class com.google.common.base.Splitter$Strategy                                        : loaded 2 times (x 66B)

---------------  S Y S T E M  ---------------

OS:
 Windows 11 , 64 bit Build 22621 (10.0.22621.4974)
OS uptime: 9 days 0:44 hours
Hyper-V role detected

CPU: total 2 (initial active 2) (2 cores per cpu, 1 threads per core) family 6 model 122 stepping 8 microcode 0x18, cx8, cmov, fxsr, mmx, 3dnowpref, sse, sse2, sse3, ssse3, sse4.1, sse4.2, popcnt, tsc, tscinvbit, aes, erms, clmul, sha, clflush, clflushopt, hv, rdtscp, rdpid
Processor Information for all 2 processors :
  Max Mhz: 1101, Current Mhz: 1101, Mhz Limit: 1101

Memory: 4k page, system-wide physical 3918M (412M free)
TotalPageFile size 13477M (AvailPageFile size 9M)
current process WorkingSet (physical memory assigned to process): 311M, peak: 313M
current process commit charge ("private bytes"): 335M, peak: 358M

vm_info: OpenJDK 64-Bit Server VM (21.0.4+-12508038-b607.1) for windows-amd64 JRE (21.0.4+-12508038-b607.1), built on 2024-10-16T17:23:34Z by "builder" with MS VC++ 16.10 / 16.11 (VS2019)

END.
